{"/home/travis/build/npmtest/node-npmtest-diet/test.js":{"path":"/home/travis/build/npmtest/node-npmtest-diet/test.js","s":{"1":2,"2":2,"3":2,"4":2,"5":2,"6":2,"7":2,"8":1,"9":2,"10":2,"11":1,"12":1,"13":1,"14":1,"15":2,"16":2,"17":2,"18":2,"19":1,"20":1,"21":2,"22":2,"23":2,"24":1,"25":1,"26":1,"27":1,"28":1,"29":1,"30":1,"31":1,"32":1,"33":1,"34":1,"35":1,"36":1,"37":1,"38":1,"39":2,"40":2,"41":1,"42":2,"43":2,"44":1,"45":2,"46":2,"47":1,"48":2,"49":2,"50":1,"51":1,"52":1,"53":1,"54":1},"b":{"1":[2,1,1,1],"2":[1,1,1,1],"3":[1,1],"4":[1,1],"5":[1,1],"6":[1,1],"7":[1,1],"8":[1,1],"9":[1,1],"10":[1,1,1],"11":[1,1],"12":[1,1],"13":[1,1],"14":[1,1],"15":[1,1],"16":[1,1],"17":[1,1]},"f":{"1":2,"2":2,"3":2,"4":2,"5":2,"6":1,"7":1,"8":1,"9":2,"10":2,"11":2,"12":2,"13":1},"fnMap":{"1":{"name":"(anonymous_1)","line":12,"loc":{"start":{"line":12,"column":1},"end":{"line":12,"column":13}}},"2":{"name":"(anonymous_2)","line":19,"loc":{"start":{"line":19,"column":5},"end":{"line":19,"column":17}}},"3":{"name":"(anonymous_3)","line":23,"loc":{"start":{"line":23,"column":24},"end":{"line":23,"column":36}}},"4":{"name":"(anonymous_4)","line":61,"loc":{"start":{"line":61,"column":5},"end":{"line":61,"column":17}}},"5":{"name":"(anonymous_5)","line":82,"loc":{"start":{"line":82,"column":5},"end":{"line":82,"column":17}}},"6":{"name":"(anonymous_6)","line":91,"loc":{"start":{"line":91,"column":77},"end":{"line":94,"column":10}}},"7":{"name":"(anonymous_7)","line":112,"loc":{"start":{"line":112,"column":83},"end":{"line":115,"column":10}},"skip":true},"8":{"name":"(anonymous_8)","line":123,"loc":{"start":{"line":123,"column":77},"end":{"line":126,"column":10}},"skip":true},"9":{"name":"(anonymous_9)","line":139,"loc":{"start":{"line":139,"column":12},"end":{"line":139,"column":40}},"skip":true},"10":{"name":"(anonymous_10)","line":147,"loc":{"start":{"line":147,"column":77},"end":{"line":150,"column":10}},"skip":true},"11":{"name":"(anonymous_11)","line":158,"loc":{"start":{"line":158,"column":83},"end":{"line":161,"column":10}},"skip":true},"12":{"name":"(anonymous_12)","line":169,"loc":{"start":{"line":169,"column":79},"end":{"line":172,"column":10}},"skip":true},"13":{"name":"(anonymous_13)","line":180,"loc":{"start":{"line":180,"column":75},"end":{"line":183,"column":10}},"skip":true}},"statementMap":{"1":{"start":{"line":12,"column":0},"end":{"line":195,"column":5}},"2":{"start":{"line":14,"column":4},"end":{"line":14,"column":14}},"3":{"start":{"line":19,"column":4},"end":{"line":56,"column":9}},"4":{"start":{"line":21,"column":8},"end":{"line":21,"column":19}},"5":{"start":{"line":23,"column":8},"end":{"line":35,"column":13}},"6":{"start":{"line":24,"column":12},"end":{"line":34,"column":13}},"7":{"start":{"line":25,"column":16},"end":{"line":28,"column":30}},"8":{"start":{"line":30,"column":16},"end":{"line":33,"column":27}},"9":{"start":{"line":37,"column":8},"end":{"line":39,"column":21}},"10":{"start":{"line":40,"column":8},"end":{"line":53,"column":9}},"11":{"start":{"line":43,"column":12},"end":{"line":46,"column":14}},"12":{"start":{"line":47,"column":12},"end":{"line":47,"column":18}},"13":{"start":{"line":50,"column":12},"end":{"line":51,"column":33}},"14":{"start":{"line":52,"column":12},"end":{"line":52,"column":18}},"15":{"start":{"line":55,"column":8},"end":{"line":55,"column":35}},"16":{"start":{"line":61,"column":4},"end":{"line":63,"column":9}},"17":{"start":{"line":62,"column":8},"end":{"line":62,"column":15}},"18":{"start":{"line":64,"column":4},"end":{"line":77,"column":5}},"19":{"start":{"line":70,"column":8},"end":{"line":70,"column":14}},"20":{"start":{"line":76,"column":8},"end":{"line":76,"column":14}},"21":{"start":{"line":82,"column":4},"end":{"line":84,"column":9}},"22":{"start":{"line":83,"column":8},"end":{"line":83,"column":15}},"23":{"start":{"line":85,"column":4},"end":{"line":194,"column":5}},"24":{"start":{"line":91,"column":8},"end":{"line":99,"column":10}},"25":{"start":{"line":98,"column":12},"end":{"line":98,"column":35}},"26":{"start":{"line":102,"column":8},"end":{"line":104,"column":63}},"27":{"start":{"line":105,"column":8},"end":{"line":105,"column":14}},"28":{"start":{"line":112,"column":8},"end":{"line":121,"column":10},"skip":true},"29":{"start":{"line":119,"column":12},"end":{"line":119,"column":55},"skip":true},"30":{"start":{"line":120,"column":12},"end":{"line":120,"column":48},"skip":true},"31":{"start":{"line":123,"column":8},"end":{"line":136,"column":10},"skip":true},"32":{"start":{"line":130,"column":12},"end":{"line":130,"column":76},"skip":true},"33":{"start":{"line":131,"column":12},"end":{"line":131,"column":73},"skip":true},"34":{"start":{"line":132,"column":12},"end":{"line":132,"column":74},"skip":true},"35":{"start":{"line":133,"column":12},"end":{"line":133,"column":79},"skip":true},"36":{"start":{"line":134,"column":12},"end":{"line":134,"column":25},"skip":true},"37":{"start":{"line":135,"column":12},"end":{"line":135,"column":45},"skip":true},"38":{"start":{"line":138,"column":8},"end":{"line":145,"column":14},"skip":true},"39":{"start":{"line":143,"column":16},"end":{"line":143,"column":29},"skip":true},"40":{"start":{"line":144,"column":16},"end":{"line":144,"column":55},"skip":true},"41":{"start":{"line":147,"column":8},"end":{"line":156,"column":10},"skip":true},"42":{"start":{"line":154,"column":12},"end":{"line":154,"column":25},"skip":true},"43":{"start":{"line":155,"column":12},"end":{"line":155,"column":45},"skip":true},"44":{"start":{"line":158,"column":8},"end":{"line":167,"column":10},"skip":true},"45":{"start":{"line":165,"column":12},"end":{"line":165,"column":25},"skip":true},"46":{"start":{"line":166,"column":12},"end":{"line":166,"column":48},"skip":true},"47":{"start":{"line":169,"column":8},"end":{"line":178,"column":10},"skip":true},"48":{"start":{"line":176,"column":12},"end":{"line":176,"column":25},"skip":true},"49":{"start":{"line":177,"column":12},"end":{"line":177,"column":46},"skip":true},"50":{"start":{"line":180,"column":8},"end":{"line":189,"column":10},"skip":true},"51":{"start":{"line":187,"column":12},"end":{"line":187,"column":94},"skip":true},"52":{"start":{"line":188,"column":12},"end":{"line":188,"column":48},"skip":true},"53":{"start":{"line":192,"column":8},"end":{"line":192,"column":35},"skip":true},"54":{"start":{"line":193,"column":8},"end":{"line":193,"column":14},"skip":true}},"branchMap":{"1":{"line":25,"type":"binary-expr","locations":[{"start":{"line":25,"column":23},"end":{"line":25,"column":62}},{"start":{"line":26,"column":20},"end":{"line":26,"column":70}},{"start":{"line":27,"column":20},"end":{"line":27,"column":71}},{"start":{"line":28,"column":20},"end":{"line":28,"column":29}}]},"2":{"line":30,"type":"binary-expr","locations":[{"start":{"line":30,"column":23},"end":{"line":30,"column":37}},{"start":{"line":31,"column":20},"end":{"line":31,"column":61}},{"start":{"line":32,"column":20},"end":{"line":32,"column":70}},{"start":{"line":33,"column":20},"end":{"line":33,"column":26}}]},"3":{"line":37,"type":"cond-expr","locations":[{"start":{"line":38,"column":14},"end":{"line":38,"column":20}},{"start":{"line":39,"column":14},"end":{"line":39,"column":20}}]},"4":{"line":40,"type":"switch","locations":[{"start":{"line":42,"column":8},"end":{"line":47,"column":18}},{"start":{"line":49,"column":8},"end":{"line":52,"column":18}}]},"5":{"line":44,"type":"binary-expr","locations":[{"start":{"line":44,"column":16},"end":{"line":44,"column":44}},{"start":{"line":44,"column":48},"end":{"line":44,"column":66}}]},"6":{"line":50,"type":"binary-expr","locations":[{"start":{"line":50,"column":21},"end":{"line":50,"column":49}},{"start":{"line":50,"column":53},"end":{"line":50,"column":72}}]},"7":{"line":64,"type":"switch","locations":[{"start":{"line":69,"column":4},"end":{"line":70,"column":14}},{"start":{"line":75,"column":4},"end":{"line":76,"column":14}}]},"8":{"line":85,"type":"switch","locations":[{"start":{"line":90,"column":4},"end":{"line":105,"column":14}},{"start":{"line":111,"column":4},"end":{"line":193,"column":14},"skip":true}]},"9":{"line":91,"type":"binary-expr","locations":[{"start":{"line":91,"column":42},"end":{"line":91,"column":73}},{"start":{"line":91,"column":77},"end":{"line":99,"column":9}}]},"10":{"line":102,"type":"binary-expr","locations":[{"start":{"line":102,"column":18},"end":{"line":102,"column":32}},{"start":{"line":103,"column":12},"end":{"line":103,"column":53}},{"start":{"line":104,"column":12},"end":{"line":104,"column":61}}]},"11":{"line":112,"type":"binary-expr","locations":[{"start":{"line":112,"column":45},"end":{"line":112,"column":79},"skip":true},{"start":{"line":112,"column":83},"end":{"line":121,"column":9},"skip":true}]},"12":{"line":123,"type":"binary-expr","locations":[{"start":{"line":123,"column":42},"end":{"line":123,"column":73},"skip":true},{"start":{"line":123,"column":77},"end":{"line":136,"column":9},"skip":true}]},"13":{"line":138,"type":"binary-expr","locations":[{"start":{"line":138,"column":48},"end":{"line":138,"column":85},"skip":true},{"start":{"line":139,"column":12},"end":{"line":145,"column":13},"skip":true}]},"14":{"line":147,"type":"binary-expr","locations":[{"start":{"line":147,"column":42},"end":{"line":147,"column":73},"skip":true},{"start":{"line":147,"column":77},"end":{"line":156,"column":9},"skip":true}]},"15":{"line":158,"type":"binary-expr","locations":[{"start":{"line":158,"column":45},"end":{"line":158,"column":79},"skip":true},{"start":{"line":158,"column":83},"end":{"line":167,"column":9},"skip":true}]},"16":{"line":169,"type":"binary-expr","locations":[{"start":{"line":169,"column":43},"end":{"line":169,"column":75},"skip":true},{"start":{"line":169,"column":79},"end":{"line":178,"column":9},"skip":true}]},"17":{"line":180,"type":"binary-expr","locations":[{"start":{"line":180,"column":41},"end":{"line":180,"column":71},"skip":true},{"start":{"line":180,"column":75},"end":{"line":189,"column":9},"skip":true}]}},"code":["/* istanbul instrument in package npmtest_diet */","/*jslint","    bitwise: true,","    browser: true,","    maxerr: 8,","    maxlen: 96,","    node: true,","    nomen: true,","    regexp: true,","    stupid: true","*/","(function () {","    'use strict';","    var local;","","","","    // run shared js-env code - init-before","    (function () {","        // init local","        local = {};","        // init modeJs","        local.modeJs = (function () {","            try {","                return typeof navigator.userAgent === 'string' &&","                    typeof document.querySelector('body') === 'object' &&","                    typeof XMLHttpRequest.prototype.open === 'function' &&","                    'browser';","            } catch (errorCaughtBrowser) {","                return module.exports &&","                    typeof process.versions.node === 'string' &&","                    typeof require('http').createServer === 'function' &&","                    'node';","            }","        }());","        // init global","        local.global = local.modeJs === 'browser'","            ? window","            : global;","        switch (local.modeJs) {","        // re-init local from window.local","        case 'browser':","            local = local.global.utility2.objectSetDefault(","                local.global.utility2_rollup || local.global.local,","                local.global.utility2","            );","            break;","        // re-init local from example.js","        case 'node':","            local = (local.global.utility2_rollup || require('utility2'))","                .requireReadme();","            break;","        }","        // export local","        local.global.local = local;","    }());","","","","    // run shared js-env code - function","    (function () {","        return;","    }());","    switch (local.modeJs) {","","","","    // run browser js-env code - function","    case 'browser':","        break;","","","","    // run node js-env code - function","    case 'node':","        break;","    }","","","","    // run shared js-env code - init-after","    (function () {","        return;","    }());","    switch (local.modeJs) {","","","","    // run browser js-env code - init-after","    case 'browser':","        local.testCase_browser_nullCase = local.testCase_browser_nullCase || function (","            options,","            onError","        ) {","        /*","         * this function will test browsers's null-case handling-behavior-behavior","         */","            onError(null, options);","        };","","        // run tests","        local.nop(local.modeTest &&","            document.querySelector('#testRunButton1') &&","            document.querySelector('#testRunButton1').click());","        break;","","","","    // run node js-env code - init-after","    /* istanbul ignore next */","    case 'node':","        local.testCase_buildApidoc_default = local.testCase_buildApidoc_default || function (","            options,","            onError","        ) {","        /*","         * this function will test buildApidoc's default handling-behavior-behavior","         */","            options = { modulePathList: module.paths };","            local.buildApidoc(options, onError);","        };","","        local.testCase_buildApp_default = local.testCase_buildApp_default || function (","            options,","            onError","        ) {","        /*","         * this function will test buildApp's default handling-behavior-behavior","         */","            local.testCase_buildReadme_default(options, local.onErrorThrow);","            local.testCase_buildLib_default(options, local.onErrorThrow);","            local.testCase_buildTest_default(options, local.onErrorThrow);","            local.testCase_buildCustomOrg_default(options, local.onErrorThrow);","            options = [];","            local.buildApp(options, onError);","        };","","        local.testCase_buildCustomOrg_default = local.testCase_buildCustomOrg_default ||","            function (options, onError) {","            /*","             * this function will test buildCustomOrg's default handling-behavior","             */","                options = {};","                local.buildCustomOrg(options, onError);","            };","","        local.testCase_buildLib_default = local.testCase_buildLib_default || function (","            options,","            onError","        ) {","        /*","         * this function will test buildLib's default handling-behavior","         */","            options = {};","            local.buildLib(options, onError);","        };","","        local.testCase_buildReadme_default = local.testCase_buildReadme_default || function (","            options,","            onError","        ) {","        /*","         * this function will test buildReadme's default handling-behavior-behavior","         */","            options = {};","            local.buildReadme(options, onError);","        };","","        local.testCase_buildTest_default = local.testCase_buildTest_default || function (","            options,","            onError","        ) {","        /*","         * this function will test buildTest's default handling-behavior","         */","            options = {};","            local.buildTest(options, onError);","        };","","        local.testCase_webpage_default = local.testCase_webpage_default || function (","            options,","            onError","        ) {","        /*","         * this function will test webpage's default handling-behavior","         */","            options = { modeCoverageMerge: true, url: local.serverLocalHost + '?modeTest=1' };","            local.browserTest(options, onError);","        };","","        // run test-server","        local.testRunServer(local);","        break;","    }","}());",""],"l":{"12":2,"14":2,"19":2,"21":2,"23":2,"24":2,"25":2,"30":1,"37":2,"40":2,"43":1,"47":1,"50":1,"52":1,"55":2,"61":2,"62":2,"64":2,"70":1,"76":1,"82":2,"83":2,"85":2,"91":1,"98":1,"102":1,"105":1,"112":1,"119":1,"120":1,"123":1,"130":1,"131":1,"132":1,"133":1,"134":1,"135":1,"138":1,"143":2,"144":2,"147":1,"154":2,"155":2,"158":1,"165":2,"166":2,"169":1,"176":2,"177":2,"180":1,"187":1,"188":1,"192":1,"193":1}},"/home/travis/build/npmtest/node-npmtest-diet/lib.npmtest_diet.js":{"path":"/home/travis/build/npmtest/node-npmtest-diet/lib.npmtest_diet.js","s":{"1":2,"2":2,"3":2,"4":2,"5":2,"6":2,"7":2,"8":1,"9":2,"10":2,"11":2,"12":2,"13":1,"14":1,"15":1,"16":1},"b":{"1":[2,1,1,1],"2":[1,1,1,1],"3":[1,1],"4":[2,2],"5":[1,1]},"f":{"1":2,"2":2,"3":2},"fnMap":{"1":{"name":"(anonymous_1)","line":12,"loc":{"start":{"line":12,"column":1},"end":{"line":12,"column":13}}},"2":{"name":"(anonymous_2)","line":19,"loc":{"start":{"line":19,"column":5},"end":{"line":19,"column":17}}},"3":{"name":"(anonymous_3)","line":23,"loc":{"start":{"line":23,"column":24},"end":{"line":23,"column":36}}}},"statementMap":{"1":{"start":{"line":12,"column":0},"end":{"line":53,"column":5}},"2":{"start":{"line":14,"column":4},"end":{"line":14,"column":14}},"3":{"start":{"line":19,"column":4},"end":{"line":52,"column":9}},"4":{"start":{"line":21,"column":8},"end":{"line":21,"column":19}},"5":{"start":{"line":23,"column":8},"end":{"line":35,"column":13}},"6":{"start":{"line":24,"column":12},"end":{"line":34,"column":13}},"7":{"start":{"line":25,"column":16},"end":{"line":28,"column":30}},"8":{"start":{"line":30,"column":16},"end":{"line":33,"column":27}},"9":{"start":{"line":37,"column":8},"end":{"line":39,"column":21}},"10":{"start":{"line":41,"column":8},"end":{"line":41,"column":54}},"11":{"start":{"line":43,"column":8},"end":{"line":43,"column":49}},"12":{"start":{"line":45,"column":8},"end":{"line":51,"column":9}},"13":{"start":{"line":46,"column":12},"end":{"line":46,"column":55}},"14":{"start":{"line":48,"column":12},"end":{"line":48,"column":35}},"15":{"start":{"line":49,"column":12},"end":{"line":49,"column":49}},"16":{"start":{"line":50,"column":12},"end":{"line":50,"column":43}}},"branchMap":{"1":{"line":25,"type":"binary-expr","locations":[{"start":{"line":25,"column":23},"end":{"line":25,"column":62}},{"start":{"line":26,"column":20},"end":{"line":26,"column":70}},{"start":{"line":27,"column":20},"end":{"line":27,"column":71}},{"start":{"line":28,"column":20},"end":{"line":28,"column":29}}]},"2":{"line":30,"type":"binary-expr","locations":[{"start":{"line":30,"column":23},"end":{"line":30,"column":37}},{"start":{"line":31,"column":20},"end":{"line":31,"column":61}},{"start":{"line":32,"column":20},"end":{"line":32,"column":70}},{"start":{"line":33,"column":20},"end":{"line":33,"column":26}}]},"3":{"line":37,"type":"cond-expr","locations":[{"start":{"line":38,"column":14},"end":{"line":38,"column":20}},{"start":{"line":39,"column":14},"end":{"line":39,"column":20}}]},"4":{"line":41,"type":"binary-expr","locations":[{"start":{"line":41,"column":16},"end":{"line":41,"column":44}},{"start":{"line":41,"column":48},"end":{"line":41,"column":53}}]},"5":{"line":45,"type":"if","locations":[{"start":{"line":45,"column":8},"end":{"line":45,"column":8}},{"start":{"line":45,"column":8},"end":{"line":45,"column":8}}]}},"code":["/* istanbul instrument in package npmtest_diet */","/*jslint","    bitwise: true,","    browser: true,","    maxerr: 8,","    maxlen: 96,","    node: true,","    nomen: true,","    regexp: true,","    stupid: true","*/","(function () {","    'use strict';","    var local;","","","","    // run shared js-env code - init-before","    (function () {","        // init local","        local = {};","        // init modeJs","        local.modeJs = (function () {","            try {","                return typeof navigator.userAgent === 'string' &&","                    typeof document.querySelector('body') === 'object' &&","                    typeof XMLHttpRequest.prototype.open === 'function' &&","                    'browser';","            } catch (errorCaughtBrowser) {","                return module.exports &&","                    typeof process.versions.node === 'string' &&","                    typeof require('http').createServer === 'function' &&","                    'node';","            }","        }());","        // init global","        local.global = local.modeJs === 'browser'","            ? window","            : global;","        // init utility2_rollup","        local = local.global.utility2_rollup || local;","        // init lib","        local.local = local.npmtest_diet = local;","        // init exports","        if (local.modeJs === 'browser') {","            local.global.utility2_npmtest_diet = local;","        } else {","            module.exports = local;","            module.exports.__dirname = __dirname;","            module.exports.module = module;","        }","    }());","}());",""],"l":{"12":2,"14":2,"19":2,"21":2,"23":2,"24":2,"25":2,"30":1,"37":2,"41":2,"43":2,"45":2,"46":1,"48":1,"49":1,"50":1}},"/home/travis/build/npmtest/node-npmtest-diet/example.js":{"path":"/home/travis/build/npmtest/node-npmtest-diet/example.js","s":{"1":2,"2":2,"3":2,"4":2,"5":2,"6":2,"7":2,"8":1,"9":2,"10":2,"11":2,"12":2,"13":1,"14":2,"15":2,"16":2,"17":2,"18":2,"19":0,"20":2,"21":1,"22":1,"23":1,"24":1,"25":1,"26":0,"27":0,"28":1,"29":1,"30":2,"31":0,"32":0,"33":0,"34":1,"35":2,"36":2,"37":3,"38":3,"39":3,"40":3,"41":0,"42":3,"43":3,"44":3,"45":1,"46":3,"47":1,"48":1,"49":1,"50":1,"51":1,"52":1,"53":1,"54":1,"55":1,"56":1,"57":0,"58":1,"59":6,"60":6,"61":1,"62":2,"63":0,"64":2,"65":1,"66":1,"67":0,"68":0,"69":0,"70":0,"71":0,"72":0,"73":0,"74":0,"75":0,"76":0,"77":0,"78":0,"79":0,"80":0,"81":0,"82":0,"83":0},"b":{"1":[2,1,1,1],"2":[1,1,1,1],"3":[1,1],"4":[2,2],"5":[1,1],"6":[1,1],"7":[2,0],"8":[2,1,1,1,1,1],"9":[0,2,0],"10":[1,1],"11":[2,1,1],"12":[1,0],"13":[0,2],"14":[2,0,0,0,0,0,0],"15":[0,3],"16":[3,0],"17":[1,1],"18":[0,1],"19":[1,2,0,2],"20":[1,0],"21":[1,1],"22":[0,0],"23":[0,0],"24":[0,0],"25":[0,0],"26":[0,0],"27":[0,0],"28":[0,0]},"f":{"1":2,"2":2,"3":2,"4":2,"5":2,"6":2,"7":3,"8":3,"9":3,"10":1,"11":6,"12":0},"fnMap":{"1":{"name":"(anonymous_1)","line":26,"loc":{"start":{"line":26,"column":1},"end":{"line":26,"column":13}}},"2":{"name":"(anonymous_2)","line":33,"loc":{"start":{"line":33,"column":5},"end":{"line":33,"column":17}}},"3":{"name":"(anonymous_3)","line":37,"loc":{"start":{"line":37,"column":24},"end":{"line":37,"column":36}}},"4":{"name":"(anonymous_4)","line":69,"loc":{"start":{"line":69,"column":31},"end":{"line":69,"column":48}},"skip":true},"5":{"name":"(anonymous_5)","line":78,"loc":{"start":{"line":78,"column":26},"end":{"line":78,"column":45}},"skip":true},"6":{"name":"(anonymous_6)","line":123,"loc":{"start":{"line":123,"column":33},"end":{"line":123,"column":48}},"skip":true},"7":{"name":"(anonymous_7)","line":125,"loc":{"start":{"line":125,"column":27},"end":{"line":125,"column":39}},"skip":true},"8":{"name":"(anonymous_8)","line":133,"loc":{"start":{"line":133,"column":59},"end":{"line":133,"column":74}},"skip":true},"9":{"name":"(anonymous_9)","line":143,"loc":{"start":{"line":143,"column":45},"end":{"line":143,"column":62}},"skip":true},"10":{"name":"(anonymous_10)","line":144,"loc":{"start":{"line":144,"column":73},"end":{"line":144,"column":92}},"skip":true},"11":{"name":"(anonymous_11)","line":272,"loc":{"start":{"line":272,"column":51},"end":{"line":272,"column":77}},"skip":true},"12":{"name":"(anonymous_12)","line":315,"loc":{"start":{"line":315,"column":32},"end":{"line":315,"column":61}},"skip":true}},"statementMap":{"1":{"start":{"line":26,"column":0},"end":{"line":326,"column":5}},"2":{"start":{"line":28,"column":4},"end":{"line":28,"column":14}},"3":{"start":{"line":33,"column":4},"end":{"line":60,"column":9}},"4":{"start":{"line":35,"column":8},"end":{"line":35,"column":19}},"5":{"start":{"line":37,"column":8},"end":{"line":49,"column":13}},"6":{"start":{"line":38,"column":12},"end":{"line":48,"column":13}},"7":{"start":{"line":39,"column":16},"end":{"line":42,"column":30}},"8":{"start":{"line":44,"column":16},"end":{"line":47,"column":27}},"9":{"start":{"line":51,"column":8},"end":{"line":53,"column":21}},"10":{"start":{"line":55,"column":8},"end":{"line":57,"column":45}},"11":{"start":{"line":59,"column":8},"end":{"line":59,"column":35}},"12":{"start":{"line":61,"column":4},"end":{"line":325,"column":5}},"13":{"start":{"line":69,"column":8},"end":{"line":121,"column":10},"skip":true},"14":{"start":{"line":70,"column":12},"end":{"line":88,"column":13},"skip":true},"15":{"start":{"line":76,"column":16},"end":{"line":87,"column":19},"skip":true},"16":{"start":{"line":79,"column":20},"end":{"line":86,"column":21},"skip":true},"17":{"start":{"line":82,"column":24},"end":{"line":82,"column":43},"skip":true},"18":{"start":{"line":83,"column":24},"end":{"line":83,"column":30},"skip":true},"19":{"start":{"line":85,"column":24},"end":{"line":85,"column":49},"skip":true},"20":{"start":{"line":89,"column":12},"end":{"line":107,"column":13},"skip":true},"21":{"start":{"line":92,"column":16},"end":{"line":102,"column":17},"skip":true},"22":{"start":{"line":93,"column":20},"end":{"line":93,"column":86},"skip":true},"23":{"start":{"line":94,"column":20},"end":{"line":95,"column":45},"skip":true},"24":{"start":{"line":96,"column":20},"end":{"line":96,"column":42},"skip":true},"25":{"start":{"line":97,"column":20},"end":{"line":97,"column":48},"skip":true},"26":{"start":{"line":100,"column":20},"end":{"line":100,"column":85},"skip":true},"27":{"start":{"line":101,"column":20},"end":{"line":101,"column":96},"skip":true},"28":{"start":{"line":103,"column":16},"end":{"line":103,"column":22},"skip":true},"29":{"start":{"line":106,"column":16},"end":{"line":106,"column":22},"skip":true},"30":{"start":{"line":108,"column":12},"end":{"line":120,"column":13},"skip":true},"31":{"start":{"line":114,"column":16},"end":{"line":119,"column":17},"skip":true},"32":{"start":{"line":116,"column":20},"end":{"line":116,"column":78},"skip":true},"33":{"start":{"line":118,"column":20},"end":{"line":118,"column":47},"skip":true},"34":{"start":{"line":123,"column":8},"end":{"line":141,"column":11},"skip":true},"35":{"start":{"line":124,"column":12},"end":{"line":124,"column":54},"skip":true},"36":{"start":{"line":125,"column":12},"end":{"line":140,"column":14},"skip":true},"37":{"start":{"line":126,"column":16},"end":{"line":126,"column":28},"skip":true},"38":{"start":{"line":127,"column":16},"end":{"line":127,"column":69},"skip":true},"39":{"start":{"line":128,"column":16},"end":{"line":128,"column":75},"skip":true},"40":{"start":{"line":129,"column":16},"end":{"line":131,"column":17},"skip":true},"41":{"start":{"line":130,"column":20},"end":{"line":130,"column":27},"skip":true},"42":{"start":{"line":133,"column":16},"end":{"line":137,"column":36},"skip":true},"43":{"start":{"line":134,"column":20},"end":{"line":136,"column":55},"skip":true},"44":{"start":{"line":139,"column":16},"end":{"line":139,"column":57},"skip":true},"45":{"start":{"line":143,"column":8},"end":{"line":147,"column":11},"skip":true},"46":{"start":{"line":144,"column":12},"end":{"line":146,"column":15},"skip":true},"47":{"start":{"line":145,"column":16},"end":{"line":145,"column":70},"skip":true},"48":{"start":{"line":149,"column":8},"end":{"line":149,"column":31},"skip":true},"49":{"start":{"line":150,"column":8},"end":{"line":150,"column":14},"skip":true},"50":{"start":{"line":158,"column":8},"end":{"line":158,"column":31},"skip":true},"51":{"start":{"line":160,"column":8},"end":{"line":160,"column":33},"skip":true},"52":{"start":{"line":161,"column":8},"end":{"line":161,"column":37},"skip":true},"53":{"start":{"line":162,"column":8},"end":{"line":162,"column":35},"skip":true},"54":{"start":{"line":164,"column":8},"end":{"line":164,"column":50},"skip":true},"55":{"start":{"line":166,"column":8},"end":{"line":256,"column":2},"skip":true},"56":{"start":{"line":258,"column":8},"end":{"line":286,"column":9},"skip":true},"57":{"start":{"line":259,"column":12},"end":{"line":269,"column":14},"skip":true},"58":{"start":{"line":271,"column":12},"end":{"line":285,"column":19},"skip":true},"59":{"start":{"line":274,"column":20},"end":{"line":274,"column":35},"skip":true},"60":{"start":{"line":275,"column":20},"end":{"line":284,"column":21},"skip":true},"61":{"start":{"line":277,"column":24},"end":{"line":277,"column":64},"skip":true},"62":{"start":{"line":279,"column":24},"end":{"line":279,"column":40},"skip":true},"63":{"start":{"line":281,"column":24},"end":{"line":281,"column":40},"skip":true},"64":{"start":{"line":283,"column":24},"end":{"line":283,"column":39},"skip":true},"65":{"start":{"line":288,"column":8},"end":{"line":290,"column":9},"skip":true},"66":{"start":{"line":289,"column":12},"end":{"line":289,"column":18},"skip":true},"67":{"start":{"line":291,"column":8},"end":{"line":293,"column":54},"skip":true},"68":{"start":{"line":296,"column":8},"end":{"line":301,"column":37},"skip":true},"69":{"start":{"line":303,"column":8},"end":{"line":303,"column":82},"skip":true},"70":{"start":{"line":306,"column":8},"end":{"line":308,"column":9},"skip":true},"71":{"start":{"line":307,"column":12},"end":{"line":307,"column":82},"skip":true},"72":{"start":{"line":310,"column":8},"end":{"line":312,"column":9},"skip":true},"73":{"start":{"line":311,"column":12},"end":{"line":311,"column":18},"skip":true},"74":{"start":{"line":313,"column":8},"end":{"line":313,"column":54},"skip":true},"75":{"start":{"line":314,"column":8},"end":{"line":314,"column":69},"skip":true},"76":{"start":{"line":315,"column":8},"end":{"line":323,"column":36},"skip":true},"77":{"start":{"line":316,"column":12},"end":{"line":316,"column":61},"skip":true},"78":{"start":{"line":317,"column":12},"end":{"line":320,"column":13},"skip":true},"79":{"start":{"line":318,"column":16},"end":{"line":318,"column":75},"skip":true},"80":{"start":{"line":319,"column":16},"end":{"line":319,"column":23},"skip":true},"81":{"start":{"line":321,"column":12},"end":{"line":321,"column":38},"skip":true},"82":{"start":{"line":322,"column":12},"end":{"line":322,"column":27},"skip":true},"83":{"start":{"line":324,"column":8},"end":{"line":324,"column":14},"skip":true}},"branchMap":{"1":{"line":39,"type":"binary-expr","locations":[{"start":{"line":39,"column":23},"end":{"line":39,"column":62}},{"start":{"line":40,"column":20},"end":{"line":40,"column":70}},{"start":{"line":41,"column":20},"end":{"line":41,"column":71}},{"start":{"line":42,"column":20},"end":{"line":42,"column":29}}]},"2":{"line":44,"type":"binary-expr","locations":[{"start":{"line":44,"column":23},"end":{"line":44,"column":37}},{"start":{"line":45,"column":20},"end":{"line":45,"column":61}},{"start":{"line":46,"column":20},"end":{"line":46,"column":70}},{"start":{"line":47,"column":20},"end":{"line":47,"column":26}}]},"3":{"line":51,"type":"cond-expr","locations":[{"start":{"line":52,"column":14},"end":{"line":52,"column":20}},{"start":{"line":53,"column":14},"end":{"line":53,"column":20}}]},"4":{"line":55,"type":"binary-expr","locations":[{"start":{"line":55,"column":16},"end":{"line":55,"column":44}},{"start":{"line":55,"column":49},"end":{"line":57,"column":43}}]},"5":{"line":55,"type":"cond-expr","locations":[{"start":{"line":56,"column":14},"end":{"line":56,"column":48}},{"start":{"line":57,"column":14},"end":{"line":57,"column":43}}]},"6":{"line":61,"type":"switch","locations":[{"start":{"line":68,"column":4},"end":{"line":150,"column":14},"skip":true},{"start":{"line":156,"column":4},"end":{"line":324,"column":14},"skip":true}]},"7":{"line":70,"type":"if","locations":[{"start":{"line":70,"column":12},"end":{"line":70,"column":12},"skip":true},{"start":{"line":70,"column":12},"end":{"line":70,"column":12},"skip":true}]},"8":{"line":70,"type":"binary-expr","locations":[{"start":{"line":70,"column":16},"end":{"line":70,"column":22},"skip":true},{"start":{"line":70,"column":27},"end":{"line":70,"column":32},"skip":true},{"start":{"line":71,"column":20},"end":{"line":71,"column":39},"skip":true},{"start":{"line":72,"column":20},"end":{"line":72,"column":49},"skip":true},{"start":{"line":73,"column":20},"end":{"line":73,"column":58},"skip":true},{"start":{"line":74,"column":20},"end":{"line":74,"column":69},"skip":true}]},"9":{"line":79,"type":"switch","locations":[{"start":{"line":80,"column":20},"end":{"line":80,"column":33},"skip":true},{"start":{"line":81,"column":20},"end":{"line":83,"column":30},"skip":true},{"start":{"line":84,"column":20},"end":{"line":85,"column":49},"skip":true}]},"10":{"line":89,"type":"switch","locations":[{"start":{"line":90,"column":12},"end":{"line":103,"column":22},"skip":true},{"start":{"line":105,"column":12},"end":{"line":106,"column":22},"skip":true}]},"11":{"line":89,"type":"binary-expr","locations":[{"start":{"line":89,"column":20},"end":{"line":89,"column":25},"skip":true},{"start":{"line":89,"column":29},"end":{"line":89,"column":48},"skip":true},{"start":{"line":89,"column":52},"end":{"line":89,"column":74},"skip":true}]},"12":{"line":92,"type":"if","locations":[{"start":{"line":92,"column":16},"end":{"line":92,"column":16},"skip":true},{"start":{"line":92,"column":16},"end":{"line":92,"column":16},"skip":true}]},"13":{"line":108,"type":"if","locations":[{"start":{"line":108,"column":12},"end":{"line":108,"column":12},"skip":true},{"start":{"line":108,"column":12},"end":{"line":108,"column":12},"skip":true}]},"14":{"line":108,"type":"binary-expr","locations":[{"start":{"line":108,"column":16},"end":{"line":108,"column":61},"skip":true},{"start":{"line":108,"column":66},"end":{"line":108,"column":72},"skip":true},{"start":{"line":108,"column":77},"end":{"line":108,"column":82},"skip":true},{"start":{"line":109,"column":20},"end":{"line":109,"column":39},"skip":true},{"start":{"line":110,"column":20},"end":{"line":110,"column":49},"skip":true},{"start":{"line":111,"column":20},"end":{"line":111,"column":58},"skip":true},{"start":{"line":112,"column":20},"end":{"line":112,"column":68},"skip":true}]},"15":{"line":129,"type":"if","locations":[{"start":{"line":129,"column":16},"end":{"line":129,"column":16},"skip":true},{"start":{"line":129,"column":16},"end":{"line":129,"column":16},"skip":true}]},"16":{"line":134,"type":"cond-expr","locations":[{"start":{"line":135,"column":26},"end":{"line":135,"column":29},"skip":true},{"start":{"line":136,"column":26},"end":{"line":136,"column":54},"skip":true}]},"17":{"line":164,"type":"binary-expr","locations":[{"start":{"line":164,"column":27},"end":{"line":164,"column":43},"skip":true},{"start":{"line":164,"column":47},"end":{"line":164,"column":49},"skip":true}]},"18":{"line":258,"type":"if","locations":[{"start":{"line":258,"column":8},"end":{"line":258,"column":8},"skip":true},{"start":{"line":258,"column":8},"end":{"line":258,"column":8},"skip":true}]},"19":{"line":275,"type":"switch","locations":[{"start":{"line":276,"column":20},"end":{"line":277,"column":64},"skip":true},{"start":{"line":278,"column":20},"end":{"line":279,"column":40},"skip":true},{"start":{"line":280,"column":20},"end":{"line":281,"column":40},"skip":true},{"start":{"line":282,"column":20},"end":{"line":283,"column":39},"skip":true}]},"20":{"line":288,"type":"if","locations":[{"start":{"line":288,"column":8},"end":{"line":288,"column":8},"skip":true},{"start":{"line":288,"column":8},"end":{"line":288,"column":8},"skip":true}]},"21":{"line":288,"type":"binary-expr","locations":[{"start":{"line":288,"column":12},"end":{"line":288,"column":40},"skip":true},{"start":{"line":288,"column":44},"end":{"line":288,"column":67},"skip":true}]},"22":{"line":292,"type":"binary-expr","locations":[{"start":{"line":292,"column":12},"end":{"line":292,"column":50},"skip":true},{"start":{"line":293,"column":12},"end":{"line":293,"column":53},"skip":true}]},"23":{"line":297,"type":"binary-expr","locations":[{"start":{"line":297,"column":12},"end":{"line":297,"column":62},"skip":true},{"start":{"line":298,"column":12},"end":{"line":301,"column":36},"skip":true}]},"24":{"line":303,"type":"binary-expr","locations":[{"start":{"line":303,"column":43},"end":{"line":303,"column":75},"skip":true},{"start":{"line":303,"column":79},"end":{"line":303,"column":81},"skip":true}]},"25":{"line":306,"type":"if","locations":[{"start":{"line":306,"column":8},"end":{"line":306,"column":8},"skip":true},{"start":{"line":306,"column":8},"end":{"line":306,"column":8},"skip":true}]},"26":{"line":310,"type":"if","locations":[{"start":{"line":310,"column":8},"end":{"line":310,"column":8},"skip":true},{"start":{"line":310,"column":8},"end":{"line":310,"column":8},"skip":true}]},"27":{"line":313,"type":"binary-expr","locations":[{"start":{"line":313,"column":27},"end":{"line":313,"column":43},"skip":true},{"start":{"line":313,"column":47},"end":{"line":313,"column":53},"skip":true}]},"28":{"line":317,"type":"if","locations":[{"start":{"line":317,"column":12},"end":{"line":317,"column":12},"skip":true},{"start":{"line":317,"column":12},"end":{"line":317,"column":12},"skip":true}]}},"code":["/*","example.js","","quickstart example","","instruction","    1. save this script as example.js","    2. run the shell command:","        $ npm install npmtest-diet && PORT=8081 node example.js","    3. play with the browser-demo on http://127.0.0.1:8081","*/","","","","/* istanbul instrument in package npmtest_diet */","/*jslint","    bitwise: true,","    browser: true,","    maxerr: 8,","    maxlen: 96,","    node: true,","    nomen: true,","    regexp: true,","    stupid: true","*/","(function () {","    'use strict';","    var local;","","","","    // run shared js-env code - init-before","    (function () {","        // init local","        local = {};","        // init modeJs","        local.modeJs = (function () {","            try {","                return typeof navigator.userAgent === 'string' &&","                    typeof document.querySelector('body') === 'object' &&","                    typeof XMLHttpRequest.prototype.open === 'function' &&","                    'browser';","            } catch (errorCaughtBrowser) {","                return module.exports &&","                    typeof process.versions.node === 'string' &&","                    typeof require('http').createServer === 'function' &&","                    'node';","            }","        }());","        // init global","        local.global = local.modeJs === 'browser'","            ? window","            : global;","        // init utility2_rollup","        local = local.global.utility2_rollup || (local.modeJs === 'browser'","            ? local.global.utility2_npmtest_diet","            : global.utility2_moduleExports);","        // export local","        local.global.local = local;","    }());","    switch (local.modeJs) {","","","","    // init-after","    // run browser js-env code - init-after","    /* istanbul ignore next */","    case 'browser':","        local.testRunBrowser = function (event) {","            if (!event || (event &&","                    event.currentTarget &&","                    event.currentTarget.className &&","                    event.currentTarget.className.includes &&","                    event.currentTarget.className.includes('onreset'))) {","                // reset output","                Array.from(","                    document.querySelectorAll('body > .resettable')","                ).forEach(function (element) {","                    switch (element.tagName) {","                    case 'INPUT':","                    case 'TEXTAREA':","                        element.value = '';","                        break;","                    default:","                        element.textContent = '';","                    }","                });","            }","            switch (event && event.currentTarget && event.currentTarget.id) {","            case 'testRunButton1':","                // show tests","                if (document.querySelector('#testReportDiv1').style.display === 'none') {","                    document.querySelector('#testReportDiv1').style.display = 'block';","                    document.querySelector('#testRunButton1').textContent =","                        'hide internal test';","                    local.modeTest = true;","                    local.testRunDefault(local);","                // hide tests","                } else {","                    document.querySelector('#testReportDiv1').style.display = 'none';","                    document.querySelector('#testRunButton1').textContent = 'run internal test';","                }","                break;","            // custom-case","            default:","                break;","            }","            if (document.querySelector('#inputTextareaEval1') && (!event || (event &&","                    event.currentTarget &&","                    event.currentTarget.className &&","                    event.currentTarget.className.includes &&","                    event.currentTarget.className.includes('oneval')))) {","                // try to eval input-code","                try {","                    /*jslint evil: true*/","                    eval(document.querySelector('#inputTextareaEval1').value);","                } catch (errorCaught) {","                    console.error(errorCaught);","                }","            }","        };","        // log stderr and stdout to #outputTextareaStdout1","        ['error', 'log'].forEach(function (key) {","            console[key + '_original'] = console[key];","            console[key] = function () {","                var element;","                console[key + '_original'].apply(console, arguments);","                element = document.querySelector('#outputTextareaStdout1');","                if (!element) {","                    return;","                }","                // append text to #outputTextareaStdout1","                element.value += Array.from(arguments).map(function (arg) {","                    return typeof arg === 'string'","                        ? arg","                        : JSON.stringify(arg, null, 4);","                }).join(' ') + '\\n';","                // scroll textarea to bottom","                element.scrollTop = element.scrollHeight;","            };","        });","        // init event-handling","        ['change', 'click', 'keyup'].forEach(function (event) {","            Array.from(document.querySelectorAll('.on' + event)).forEach(function (element) {","                element.addEventListener(event, local.testRunBrowser);","            });","        });","        // run tests","        local.testRunBrowser();","        break;","","","","    // run node js-env code - init-after","    /* istanbul ignore next */","    case 'node':","        // export local","        module.exports = local;","        // require modules","        local.fs = require('fs');","        local.http = require('http');","        local.url = require('url');","        // init assets","        local.assetsDict = local.assetsDict || {};","        /* jslint-ignore-begin */","        local.assetsDict['/assets.index.template.html'] = '\\","<!doctype html>\\n\\","<html lang=\"en\">\\n\\","<head>\\n\\","<meta charset=\"UTF-8\">\\n\\","<meta name=\"viewport\" content=\"width=device-width, initial-scale=1\">\\n\\","<title>{{env.npm_package_name}} (v{{env.npm_package_version}})</title>\\n\\","<style>\\n\\","/*csslint\\n\\","    box-sizing: false,\\n\\","    universal-selector: false\\n\\","*/\\n\\","* {\\n\\","    box-sizing: border-box;\\n\\","}\\n\\","body {\\n\\","    background: #dde;\\n\\","    font-family: Arial, Helvetica, sans-serif;\\n\\","    margin: 2rem;\\n\\","}\\n\\","body > * {\\n\\","    margin-bottom: 1rem;\\n\\","}\\n\\",".utility2FooterDiv {\\n\\","    margin-top: 20px;\\n\\","    text-align: center;\\n\\","}\\n\\","</style>\\n\\","<style>\\n\\","/*csslint\\n\\","*/\\n\\","textarea {\\n\\","    font-family: monospace;\\n\\","    height: 10rem;\\n\\","    width: 100%;\\n\\","}\\n\\","textarea[readonly] {\\n\\","    background: #ddd;\\n\\","}\\n\\","</style>\\n\\","</head>\\n\\","<body>\\n\\","<!-- utility2-comment\\n\\","<div id=\"ajaxProgressDiv1\" style=\"background: #d00; height: 2px; left: 0; margin: 0; padding: 0; position: fixed; top: 0; transition: background 0.5s, width 1.5s; width: 25%;\"></div>\\n\\","utility2-comment -->\\n\\","<h1>\\n\\","<!-- utility2-comment\\n\\","    <a\\n\\","        {{#if env.npm_package_homepage}}\\n\\","        href=\"{{env.npm_package_homepage}}\"\\n\\","        {{/if env.npm_package_homepage}}\\n\\","        target=\"_blank\"\\n\\","    >\\n\\","utility2-comment -->\\n\\","        {{env.npm_package_name}} (v{{env.npm_package_version}})\\n\\","<!-- utility2-comment\\n\\","    </a>\\n\\","utility2-comment -->\\n\\","</h1>\\n\\","<h3>{{env.npm_package_description}}</h3>\\n\\","<!-- utility2-comment\\n\\","<h4><a download href=\"assets.app.js\">download standalone app</a></h4>\\n\\","<button class=\"onclick onreset\" id=\"testRunButton1\">run internal test</button><br>\\n\\","<div id=\"testReportDiv1\" style=\"display: none;\"></div>\\n\\","utility2-comment -->\\n\\","\\n\\","\\n\\","\\n\\","<label>stderr and stdout</label>\\n\\","<textarea class=\"resettable\" id=\"outputTextareaStdout1\" readonly></textarea>\\n\\","<!-- utility2-comment\\n\\","{{#if isRollup}}\\n\\","<script src=\"assets.app.js\"></script>\\n\\","{{#unless isRollup}}\\n\\","utility2-comment -->\\n\\","<script src=\"assets.utility2.rollup.js\"></script>\\n\\","<script src=\"jsonp.utility2._stateInit?callback=window.utility2._stateInit\"></script>\\n\\","<script src=\"assets.npmtest_diet.rollup.js\"></script>\\n\\","<script src=\"assets.example.js\"></script>\\n\\","<script src=\"assets.test.js\"></script>\\n\\","<!-- utility2-comment\\n\\","{{/if isRollup}}\\n\\","utility2-comment -->\\n\\","<div class=\"utility2FooterDiv\">\\n\\","    [ this app was created with\\n\\","    <a href=\"https://github.com/kaizhu256/node-utility2\" target=\"_blank\">utility2</a>\\n\\","    ]\\n\\","</div>\\n\\","</body>\\n\\","</html>\\n\\","';","        /* jslint-ignore-end */","        if (local.templateRender) {","            local.assetsDict['/'] = local.templateRender(","                local.assetsDict['/assets.index.template.html'],","                {","                    env: local.objectSetDefault(local.env, {","                        npm_package_description: 'the greatest app in the world!',","                        npm_package_name: 'my-app',","                        npm_package_nameAlias: 'my_app',","                        npm_package_version: '0.0.1'","                    })","                }","            );","        } else {","            local.assetsDict['/'] = local.assetsDict['/assets.index.template.html']","                .replace((/\\{\\{env\\.(\\w+?)\\}\\}/g), function (match0, match1) {","                    // jslint-hack","                    String(match0);","                    switch (match1) {","                    case 'npm_package_description':","                        return 'the greatest app in the world!';","                    case 'npm_package_name':","                        return 'my-app';","                    case 'npm_package_nameAlias':","                        return 'my_app';","                    case 'npm_package_version':","                        return '0.0.1';","                    }","                });","        }","        // run the cli","        if (local.global.utility2_rollup || module !== require.main) {","            break;","        }","        local.assetsDict['/assets.example.js'] =","            local.assetsDict['/assets.example.js'] ||","            local.fs.readFileSync(__filename, 'utf8');","        // bug-workaround - long $npm_package_buildCustomOrg","        /* jslint-ignore-begin */","        local.assetsDict['/assets.npmtest_diet.rollup.js'] =","            local.assetsDict['/assets.npmtest_diet.rollup.js'] ||","            local.fs.readFileSync(","                local.npmtest_diet.__dirname + '/lib.npmtest_diet.js',","                'utf8'","            ).replace((/^#!/), '//');","        /* jslint-ignore-end */","        local.assetsDict['/favicon.ico'] = local.assetsDict['/favicon.ico'] || '';","        // if $npm_config_timeout_exit exists,","        // then exit this process after $npm_config_timeout_exit ms","        if (Number(process.env.npm_config_timeout_exit)) {","            setTimeout(process.exit, Number(process.env.npm_config_timeout_exit));","        }","        // start server","        if (local.global.utility2_serverHttp1) {","            break;","        }","        process.env.PORT = process.env.PORT || '8081';","        console.error('server starting on port ' + process.env.PORT);","        local.http.createServer(function (request, response) {","            request.urlParsed = local.url.parse(request.url);","            if (local.assetsDict[request.urlParsed.pathname] !== undefined) {","                response.end(local.assetsDict[request.urlParsed.pathname]);","                return;","            }","            response.statusCode = 404;","            response.end();","        }).listen(process.env.PORT);","        break;","    }","}());",""],"l":{"26":2,"28":2,"33":2,"35":2,"37":2,"38":2,"39":2,"44":1,"51":2,"55":2,"59":2,"61":2,"69":1,"70":2,"76":2,"79":2,"82":2,"83":2,"85":1,"89":2,"92":1,"93":1,"94":1,"96":1,"97":1,"100":1,"101":1,"103":1,"106":1,"108":2,"114":1,"116":1,"118":1,"123":1,"124":2,"125":2,"126":3,"127":3,"128":3,"129":3,"130":1,"133":3,"134":3,"139":3,"143":1,"144":3,"145":1,"149":1,"150":1,"158":1,"160":1,"161":1,"162":1,"164":1,"166":1,"258":1,"259":1,"271":1,"274":6,"275":6,"277":1,"279":2,"281":1,"283":2,"288":1,"289":1,"291":1,"296":1,"303":1,"306":1,"307":1,"310":1,"311":1,"313":1,"314":1,"315":1,"316":1,"317":1,"318":1,"319":1,"321":1,"322":1,"324":1}},"/home/travis/build/npmtest/node-npmtest-diet/node_modules/diet/index.js":{"path":"/home/travis/build/npmtest/node-npmtest-diet/node_modules/diet/index.js","s":{"1":1,"2":1,"3":1,"4":1,"5":1,"6":1,"7":1,"8":1,"9":1,"10":1,"11":1,"12":1,"13":1,"14":1,"15":1,"16":1,"17":1,"18":1,"19":1,"20":1,"21":2,"22":2,"23":2,"24":2,"25":1,"26":1,"27":2,"28":2,"29":2,"30":2,"31":2,"32":2,"33":2,"34":2,"35":2,"36":2,"37":2,"38":1,"39":1,"40":1,"41":1,"42":2,"43":2,"44":2,"45":2,"46":2,"47":2,"48":2,"49":2,"50":2,"51":2,"52":2,"53":2,"54":2,"55":2,"56":2,"57":2,"58":2,"59":2,"60":2,"61":2,"62":2,"63":2,"64":2,"65":2,"66":2,"67":2,"68":2},"b":{"1":[2,2],"2":[2,2],"3":[1,1],"4":[2,2],"5":[2,2]},"f":{"1":2,"2":2},"fnMap":{"1":{"name":"Server","line":46,"loc":{"start":{"line":46,"column":4},"end":{"line":46,"column":28}}},"2":{"name":"App","line":127,"loc":{"start":{"line":127,"column":4},"end":{"line":127,"column":31}}}},"statementMap":{"1":{"start":{"line":9,"column":4},"end":{"line":9,"column":20}},"2":{"start":{"line":10,"column":4},"end":{"line":10,"column":21}},"3":{"start":{"line":11,"column":4},"end":{"line":11,"column":33}},"4":{"start":{"line":12,"column":4},"end":{"line":12,"column":64}},"5":{"start":{"line":19,"column":4},"end":{"line":19,"column":58}},"6":{"start":{"line":20,"column":4},"end":{"line":20,"column":56}},"7":{"start":{"line":21,"column":4},"end":{"line":21,"column":54}},"8":{"start":{"line":22,"column":4},"end":{"line":22,"column":56}},"9":{"start":{"line":23,"column":4},"end":{"line":23,"column":58}},"10":{"start":{"line":24,"column":4},"end":{"line":24,"column":59}},"11":{"start":{"line":25,"column":4},"end":{"line":25,"column":64}},"12":{"start":{"line":32,"column":4},"end":{"line":32,"column":55}},"13":{"start":{"line":33,"column":4},"end":{"line":33,"column":28}},"14":{"start":{"line":34,"column":4},"end":{"line":34,"column":34}},"15":{"start":{"line":35,"column":4},"end":{"line":35,"column":37}},"16":{"start":{"line":36,"column":4},"end":{"line":36,"column":38}},"17":{"start":{"line":37,"column":4},"end":{"line":37,"column":36}},"18":{"start":{"line":38,"column":4},"end":{"line":38,"column":38}},"19":{"start":{"line":39,"column":4},"end":{"line":39,"column":40}},"20":{"start":{"line":46,"column":4},"end":{"line":111,"column":5}},"21":{"start":{"line":52,"column":12},"end":{"line":52,"column":39}},"22":{"start":{"line":58,"column":12},"end":{"line":58,"column":103}},"23":{"start":{"line":64,"column":12},"end":{"line":64,"column":73}},"24":{"start":{"line":71,"column":12},"end":{"line":74,"column":13}},"25":{"start":{"line":72,"column":16},"end":{"line":72,"column":208}},"26":{"start":{"line":73,"column":16},"end":{"line":73,"column":35}},"27":{"start":{"line":81,"column":9},"end":{"line":81,"column":41}},"28":{"start":{"line":88,"column":9},"end":{"line":88,"column":60}},"29":{"start":{"line":89,"column":9},"end":{"line":89,"column":28}},"30":{"start":{"line":90,"column":9},"end":{"line":90,"column":31}},"31":{"start":{"line":91,"column":9},"end":{"line":91,"column":32}},"32":{"start":{"line":92,"column":9},"end":{"line":92,"column":30}},"33":{"start":{"line":93,"column":9},"end":{"line":93,"column":32}},"34":{"start":{"line":94,"column":9},"end":{"line":94,"column":34}},"35":{"start":{"line":100,"column":9},"end":{"line":100,"column":43}},"36":{"start":{"line":101,"column":9},"end":{"line":101,"column":82}},"37":{"start":{"line":108,"column":9},"end":{"line":108,"column":20}},"38":{"start":{"line":118,"column":4},"end":{"line":118,"column":24}},"39":{"start":{"line":119,"column":4},"end":{"line":119,"column":24}},"40":{"start":{"line":120,"column":4},"end":{"line":120,"column":28}},"41":{"start":{"line":127,"column":4},"end":{"line":174,"column":5}},"42":{"start":{"line":133,"column":12},"end":{"line":133,"column":48}},"43":{"start":{"line":134,"column":12},"end":{"line":134,"column":110}},"44":{"start":{"line":135,"column":12},"end":{"line":135,"column":57}},"45":{"start":{"line":136,"column":9},"end":{"line":136,"column":35}},"46":{"start":{"line":137,"column":9},"end":{"line":137,"column":65}},"47":{"start":{"line":138,"column":9},"end":{"line":138,"column":36}},"48":{"start":{"line":139,"column":9},"end":{"line":139,"column":43}},"49":{"start":{"line":147,"column":9},"end":{"line":147,"column":70}},"50":{"start":{"line":148,"column":9},"end":{"line":148,"column":70}},"51":{"start":{"line":149,"column":9},"end":{"line":149,"column":70}},"52":{"start":{"line":150,"column":9},"end":{"line":150,"column":70}},"53":{"start":{"line":151,"column":9},"end":{"line":151,"column":70}},"54":{"start":{"line":152,"column":9},"end":{"line":152,"column":70}},"55":{"start":{"line":153,"column":9},"end":{"line":153,"column":70}},"56":{"start":{"line":154,"column":9},"end":{"line":154,"column":70}},"57":{"start":{"line":155,"column":9},"end":{"line":155,"column":70}},"58":{"start":{"line":156,"column":9},"end":{"line":156,"column":70}},"59":{"start":{"line":157,"column":9},"end":{"line":157,"column":70}},"60":{"start":{"line":158,"column":9},"end":{"line":158,"column":70}},"61":{"start":{"line":159,"column":9},"end":{"line":159,"column":49}},"62":{"start":{"line":160,"column":9},"end":{"line":160,"column":69}},"63":{"start":{"line":161,"column":9},"end":{"line":161,"column":67}},"64":{"start":{"line":162,"column":9},"end":{"line":162,"column":79}},"65":{"start":{"line":163,"column":9},"end":{"line":163,"column":49}},"66":{"start":{"line":164,"column":9},"end":{"line":164,"column":58}},"67":{"start":{"line":165,"column":9},"end":{"line":165,"column":54}},"68":{"start":{"line":172,"column":9},"end":{"line":172,"column":20}}},"branchMap":{"1":{"line":52,"type":"binary-expr","locations":[{"start":{"line":52,"column":26},"end":{"line":52,"column":33}},{"start":{"line":52,"column":37},"end":{"line":52,"column":39}}]},"2":{"line":58,"type":"binary-expr","locations":[{"start":{"line":58,"column":23},"end":{"line":58,"column":35}},{"start":{"line":58,"column":39},"end":{"line":58,"column":102}}]},"3":{"line":71,"type":"if","locations":[{"start":{"line":71,"column":12},"end":{"line":71,"column":12}},{"start":{"line":71,"column":12},"end":{"line":71,"column":12}}]},"4":{"line":71,"type":"binary-expr","locations":[{"start":{"line":71,"column":15},"end":{"line":71,"column":30}},{"start":{"line":71,"column":34},"end":{"line":71,"column":46}}]},"5":{"line":134,"type":"binary-expr","locations":[{"start":{"line":134,"column":34},"end":{"line":134,"column":56}},{"start":{"line":134,"column":60},"end":{"line":134,"column":110}}]}},"code":["// ===========================================================================","//                                   Diet","// ===========================================================================","","// ===========================================================================","//  External Dependencies","// ===========================================================================","","    require('sugar')","    require('colors')","    const util = require('util');","    const EventEmitter = require('eventemitter2').EventEmitter2;","    ","    ","// ===========================================================================","//  Internal Dependencies","// ===========================================================================    ","    ","    const Protocol     = require('./controllers/protocol')","    const Listener     = require('./controllers/listen')","    const Host         = require('./controllers/host')","    const Router       = require('./controllers/router')","    const Resource     = require('./controllers/resource')","    const Construct    = require('./controllers/construct')","    const httpProtocol = require('./controllers/protocols/http')","","","// ===========================================================================","//  Exports","// =========================================================================== ","","    var events = new EventEmitter({ wildcards: true });","    module.exports = Server;","    module.exports.on = events.on;","    module.exports.one = events.once;","    module.exports.many = events.many;","    module.exports.off = events.off;","    module.exports.emit = events.emit;","    module.exports.onAny = events.onAny;","","","// ===========================================================================","//  Server","// =========================================================================== ","","    function Server(options){"," ","        // -----------------------------------------------------------------------","        //  Default values","        // -----------------------------------------------------------------------"," ","            var options = options || {}","","        // -----------------------------------------------------------------------","        //  Get project path","        // -----------------------------------------------------------------------"," ","            var path = options.path || require('path').dirname(require('callsite')()[1].getFileName());"," ","        // -----------------------------------------------------------------------","        //  Event: app.create","        // -----------------------------------------------------------------------"," ","            module.exports.emit('init', { path: path, options: options })",""," ","        // -----------------------------------------------------------------------","        //  Print Diet Header to console (if not already initialized)","        // -----------------------------------------------------------------------"," ","            if(!options.silent && !initialized){ ","                process.stdout.write('\\u001B[2J\\u001B[0;0f'+' Diet '.inverse+(' ('+JSON.parse(require('fs').readFileSync(__dirname+'/package.json').toString()).version+') ☺\\n http://dietjs.com/').dim+'\\n\\n'); ","                initialized = true; ","            }","        ","        ","        // -----------------------------------------------------------------------","        // Return a Server Instance","        // -----------------------------------------------------------------------","    \t    ","    \t    var app = new App(path, options)","    \t","    \t","    \t// -----------------------------------------------------------------------","    \t//  Server is an Event Emitter","    \t// -----------------------------------------------------------------------","        \t","        \tvar events = new EventEmitter({ wildcards: true });","        \tapp.on = events.on;","        \tapp.one = events.once;","        \tapp.many = events.many;","        \tapp.off = events.off;","        \tapp.emit = events.emit;","        \tapp.onAny = events.onAny;","        ","        ","        // -----------------------------------------------------------------------","        //  Attach HTTP Protocol Handler by default","        // -----------------------------------------------------------------------\t","        \tapp.protocol('http', httpProtocol)","        \tmodule.exports.emit('create', { path: path, options: options, app: app })","    \t","    \t","    \t// -----------------------------------------------------------------------","    \t//  Return","    \t// -----------------------------------------------------------------------","    \t    ","    \t    return app;","    \t    ","    \t    ","    }","    ","","// ===========================================================================","//  Containers & Helpers","// ===========================================================================","    ","    const hosts     = {}","    const servers   = {}","    var initialized = false;","","","// ===========================================================================","//  App","// ===========================================================================   ","    ","    function App(path, options){","    ","        // -----------------------------------------------------------------------","        //  Variables","        // -----------------------------------------------------------------------","            ","            this.silent         = options.silent","            this.defaultHeaders = options.defaultHeaders || { 'X-Powered-By': 'Diet.js', 'Server': 'Diet.js' } // please help spread the word!","            this.address        = require('ip').address()","        \tthis.path           = path","        \tthis.dir            = this.path.match(/([^\\/]*)\\/*$/)[1]","        \tthis.hosts          = hosts","        \tthis.protocols      = new Array();","        \t//this.host           = '0.0.0.0'","        \t","    \t","    \t// -----------------------------------------------------------------------","    \t//  Methods","    \t// -----------------------------------------------------------------------","        \t","        \tthis.get            = new Router('get'     , 'method' , this)","        \tthis.post           = new Router('post'    , 'method' , this)  ","        \tthis.head           = new Router('head'    , 'method' , this)  ","        \tthis.put            = new Router('put'     , 'method' , this)  ","        \tthis.delete         = new Router('delete'  , 'method' , this) ","        \tthis.patch          = new Router('patch'   , 'method' , this)","        \tthis.trace          = new Router('trace'   , 'method' , this)","        \tthis.options        = new Router('options' , 'method' , this)","        \tthis.header         = new Router('header'  , 'api'    , this)","        \tthis.footer         = new Router('footer'  , 'api'    , this) ","        \tthis.missing        = new Router('missing' , 'api'    , this) ","        \tthis.error          = new Router('error'   , 'api'    , this)","        \tthis.resource       = new Resource(this)","        \tthis.model          = new Construct('model', 'models', this)","        \tthis.view           = new Construct('view', 'views', this)","        \tthis.controller     = new Construct('controller', 'controllers', this)","        \tthis.protocol       = new Protocol(this)","        \tthis.listen         = new Listener(this, servers)","        \tthis.host           = new Host(this, servers)","    \t","    \t","    \t// -----------------------------------------------------------------------","    \t//  Return Instance","    \t// -----------------------------------------------------------------------","    \t    ","    \t    return this","    \t    ","    }","",""],"l":{"9":1,"10":1,"11":1,"12":1,"19":1,"20":1,"21":1,"22":1,"23":1,"24":1,"25":1,"32":1,"33":1,"34":1,"35":1,"36":1,"37":1,"38":1,"39":1,"46":1,"52":2,"58":2,"64":2,"71":2,"72":1,"73":1,"81":2,"88":2,"89":2,"90":2,"91":2,"92":2,"93":2,"94":2,"100":2,"101":2,"108":2,"118":1,"119":1,"120":1,"127":1,"133":2,"134":2,"135":2,"136":2,"137":2,"138":2,"139":2,"147":2,"148":2,"149":2,"150":2,"151":2,"152":2,"153":2,"154":2,"155":2,"156":2,"157":2,"158":2,"159":2,"160":2,"161":2,"162":2,"163":2,"164":2,"165":2,"172":2}},"/home/travis/build/npmtest/node-npmtest-diet/node_modules/diet/controllers/protocol.js":{"path":"/home/travis/build/npmtest/node-npmtest-diet/node_modules/diet/controllers/protocol.js","s":{"1":1,"2":2,"3":2,"4":2,"5":2},"b":{},"f":{"1":2,"2":2},"fnMap":{"1":{"name":"(anonymous_1)","line":5,"loc":{"start":{"line":5,"column":21},"end":{"line":5,"column":34}}},"2":{"name":"(anonymous_2)","line":6,"loc":{"start":{"line":6,"column":15},"end":{"line":6,"column":38}}}},"statementMap":{"1":{"start":{"line":5,"column":4},"end":{"line":11,"column":5}},"2":{"start":{"line":6,"column":8},"end":{"line":10,"column":9}},"3":{"start":{"line":7,"column":12},"end":{"line":7,"column":83}},"4":{"start":{"line":8,"column":12},"end":{"line":8,"column":64}},"5":{"start":{"line":9,"column":12},"end":{"line":9,"column":23}}},"branchMap":{},"code":["// ===========================================================================","//  Diet.js","//  Protocol Controller","// ===========================================================================","    module.exports = function(app){","        return function(name, handler){","            app.emit('protocol.attach', { app: app, name: name, handler: handler })","            app.protocols.push({ name: name, handler: handler })","            return app;","        }","    }"],"l":{"5":1,"6":2,"7":2,"8":2,"9":2}},"/home/travis/build/npmtest/node-npmtest-diet/node_modules/diet/controllers/listen.js":{"path":"/home/travis/build/npmtest/node-npmtest-diet/node_modules/diet/controllers/listen.js","s":{"1":1,"2":1,"3":1,"4":1,"5":2,"6":2,"7":2,"8":2,"9":2,"10":2,"11":2,"12":2,"13":2,"14":2,"15":2,"16":2,"17":2,"18":2,"19":0,"20":0,"21":0,"22":0,"23":0,"24":0},"b":{"1":[0,2],"2":[2,0],"3":[2,0],"4":[0,2],"5":[2,0],"6":[2,0],"7":[0,0]},"f":{"1":2,"2":2,"3":2},"fnMap":{"1":{"name":"(anonymous_1)","line":19,"loc":{"start":{"line":19,"column":21},"end":{"line":19,"column":43}}},"2":{"name":"(anonymous_2)","line":21,"loc":{"start":{"line":21,"column":12},"end":{"line":21,"column":49}}},"3":{"name":"(anonymous_3)","line":67,"loc":{"start":{"line":67,"column":32},"end":{"line":67,"column":56}}}},"statementMap":{"1":{"start":{"line":11,"column":4},"end":{"line":11,"column":30}},"2":{"start":{"line":12,"column":4},"end":{"line":12,"column":40}},"3":{"start":{"line":13,"column":4},"end":{"line":13,"column":36}},"4":{"start":{"line":19,"column":4},"end":{"line":92,"column":5}},"5":{"start":{"line":21,"column":5},"end":{"line":91,"column":6}},"6":{"start":{"line":22,"column":9},"end":{"line":22,"column":75}},"7":{"start":{"line":23,"column":9},"end":{"line":23,"column":80}},"8":{"start":{"line":24,"column":9},"end":{"line":24,"column":52}},"9":{"start":{"line":25,"column":9},"end":{"line":25,"column":37}},"10":{"start":{"line":26,"column":9},"end":{"line":26,"column":29}},"11":{"start":{"line":51,"column":6},"end":{"line":51,"column":202}},"12":{"start":{"line":55,"column":6},"end":{"line":55,"column":115}},"13":{"start":{"line":59,"column":6},"end":{"line":59,"column":40}},"14":{"start":{"line":61,"column":6},"end":{"line":61,"column":87}},"15":{"start":{"line":65,"column":6},"end":{"line":84,"column":7}},"16":{"start":{"line":66,"column":10},"end":{"line":66,"column":21}},"17":{"start":{"line":67,"column":10},"end":{"line":69,"column":12}},"18":{"start":{"line":68,"column":14},"end":{"line":68,"column":69}},"19":{"start":{"line":72,"column":7},"end":{"line":72,"column":33}},"20":{"start":{"line":82,"column":7},"end":{"line":82,"column":37}},"21":{"start":{"line":83,"column":7},"end":{"line":83,"column":31}},"22":{"start":{"line":83,"column":20},"end":{"line":83,"column":31}},"23":{"start":{"line":87,"column":6},"end":{"line":87,"column":26}},"24":{"start":{"line":90,"column":6},"end":{"line":90,"column":17}}},"branchMap":{"1":{"line":22,"type":"cond-expr","locations":[{"start":{"line":22,"column":55},"end":{"line":22,"column":62}},{"start":{"line":22,"column":65},"end":{"line":22,"column":73}}]},"2":{"line":23,"type":"cond-expr","locations":[{"start":{"line":23,"column":66},"end":{"line":23,"column":68}},{"start":{"line":23,"column":71},"end":{"line":23,"column":78}}]},"3":{"line":23,"type":"binary-expr","locations":[{"start":{"line":23,"column":23},"end":{"line":23,"column":31}},{"start":{"line":23,"column":35},"end":{"line":23,"column":63}}]},"4":{"line":51,"type":"cond-expr","locations":[{"start":{"line":51,"column":54},"end":{"line":51,"column":64}},{"start":{"line":51,"column":67},"end":{"line":51,"column":202}}]},"5":{"line":55,"type":"cond-expr","locations":[{"start":{"line":55,"column":60},"end":{"line":55,"column":77}},{"start":{"line":55,"column":80},"end":{"line":55,"column":114}}]},"6":{"line":65,"type":"if","locations":[{"start":{"line":65,"column":6},"end":{"line":65,"column":6}},{"start":{"line":65,"column":6},"end":{"line":65,"column":6}}]},"7":{"line":83,"type":"if","locations":[{"start":{"line":83,"column":7},"end":{"line":83,"column":7}},{"start":{"line":83,"column":7},"end":{"line":83,"column":7}}]}},"code":["// ===========================================================================","//  Diet.js","//  Listener Controller","// ===========================================================================","   \"use strict\"","   ","// ===========================================================================","//  Dependencies","// ===========================================================================","    ","    const url = require('url')","    const parent = module.parent.exports","    const utils = require('./utils')","    ","// ===========================================================================","//  Exports","// ===========================================================================","\t","    module.exports = function(app, servers){","        ","    \treturn function(location, options, callback){","    \t    var callback = typeof options == 'function' ? options : callback ;","    \t    var options = !options || typeof options == 'function' ? {} : options ;","    \t    var host = utils.getHost(location, options)","    \t    app.location = host.location","    \t    app.port = host.port","    \t    ","    \t    /*","    \t    // define location","            if(!isNaN(location)) {","            \tapp.location = url.parse(protocolName+'://0.0.0.0:'+location);","            ","            } else if(typeof location == 'string') {","                var location = location.indexOf('://') == -1 ? 'http://' + location : location ;","            \tapp.location = url.parse(location) ","            ","            } else if(typeof location == 'object') {","            \tapp.location = location;","            \t","            } else if(!utils.isset(location)){","            \tapp.location = url.parse(protocolName+'://0.0.0.0:80/');","            } */        ","            ","            // define protocol","    \t\t//var protocol = app.location.protocol === 'http:' ? require('http') : require('https') ;","    \t\t","    \t\t// define port","    \t\t","    \t\t","    \t\t// create route containers","    \t\tapp.routes = typeof app.routes != \"undefined\" ? app.routes : { get: [], post: [], options: [], put: [], patch: [], head: [], delete: [], trace: [], header: [], footer: [], missing: [], error: [] }","    \t\t","    \t\t//console.log(isNaN(location), location, typeof location, app.location);","    \t\t// define host","    \t\tapp.location.host = app.location.host.split(':')[1] ? app.location.host : app.location.host + ':' + app.port;","    \t\t//app.host = app.location.host.split(':')[0];","    \t\t","    \t\t// save host to hosts","    \t\tapp.hosts[app.location.host] = app","    \t\t","    \t\tapp.emit('listen', { port: app.port, location: app.location, options: options });","    \t\t","    \t\t// create new server object","    \t\t// if port is not found in servers","    \t\tif(!servers[app.port]){","    \t\t    var server;","    \t\t    app.protocols.forEach(function(protocolObject){","    \t\t        server = protocolObject.handler(app, options, callback)","    \t\t    })","    \t\t    ","    \t\t\t// save server to servers with it's port","    \t\t\tservers[app.port] = server","    \t\t\t","    \t\t\t// listen on localhost addresses","    \t\t\t// Implement check if app.hosts['127.0.0.1:' + port] do nothing else","    \t\t\t//app.listen('http://localhost:'+app.port, options);","    \t\t\t//app.listen('http://127.0.0.1:'+app.port, options);","    \t\t\t//app.listen('http://'+app.address+':'+app.port, options);","    \t\t\t","    \t\t// otherwise reuse the server object","    \t\t} else {","    \t\t\tvar server = servers[app.port]","    \t\t\tif(callback) callback();","    \t\t}","","    \t\t// return server","    \t\tapp.server = server;","    \t\t","    \t\t// return app","    \t\treturn app;","    \t}","    }","   "],"l":{"11":1,"12":1,"13":1,"19":1,"21":2,"22":2,"23":2,"24":2,"25":2,"26":2,"51":2,"55":2,"59":2,"61":2,"65":2,"66":2,"67":2,"68":2,"72":0,"82":0,"83":0,"87":0,"90":0}},"/home/travis/build/npmtest/node-npmtest-diet/node_modules/diet/controllers/utils.js":{"path":"/home/travis/build/npmtest/node-npmtest-diet/node_modules/diet/controllers/utils.js","s":{"1":1,"2":1,"3":1,"4":0,"5":1,"6":2,"7":2,"8":2,"9":2,"10":0,"11":0,"12":0,"13":0,"14":0,"15":0,"16":0,"17":2,"18":2,"19":1},"b":{"1":[0,0],"2":[0,0,0,0,0],"3":[0,2],"4":[2,2],"5":[0,2],"6":[2,2,2,2],"7":[2,0],"8":[0,0],"9":[0,0],"10":[0,0],"11":[0,0],"12":[2,0],"13":[2,2,2,2],"14":[2,0],"15":[0,0]},"f":{"1":0,"2":2},"fnMap":{"1":{"name":"isset","line":4,"loc":{"start":{"line":4,"column":14},"end":{"line":4,"column":36}}},"2":{"name":"(anonymous_2)","line":8,"loc":{"start":{"line":8,"column":16},"end":{"line":8,"column":48}}}},"statementMap":{"1":{"start":{"line":1,"column":0},"end":{"line":1,"column":24}},"2":{"start":{"line":2,"column":0},"end":{"line":2,"column":24}},"3":{"start":{"line":4,"column":0},"end":{"line":6,"column":1}},"4":{"start":{"line":5,"column":1},"end":{"line":5,"column":138}},"5":{"start":{"line":8,"column":0},"end":{"line":32,"column":1}},"6":{"start":{"line":9,"column":1},"end":{"line":9,"column":72}},"7":{"start":{"line":10,"column":1},"end":{"line":10,"column":114}},"8":{"start":{"line":13,"column":1},"end":{"line":25,"column":2}},"9":{"start":{"line":14,"column":2},"end":{"line":14,"column":69}},"10":{"start":{"line":16,"column":8},"end":{"line":25,"column":2}},"11":{"start":{"line":17,"column":5},"end":{"line":17,"column":100}},"12":{"start":{"line":18,"column":3},"end":{"line":18,"column":33}},"13":{"start":{"line":20,"column":8},"end":{"line":25,"column":2}},"14":{"start":{"line":21,"column":2},"end":{"line":21,"column":31}},"15":{"start":{"line":23,"column":8},"end":{"line":25,"column":2}},"16":{"start":{"line":24,"column":2},"end":{"line":24,"column":58}},"17":{"start":{"line":27,"column":1},"end":{"line":29,"column":28}},"18":{"start":{"line":31,"column":1},"end":{"line":31,"column":42}},"19":{"start":{"line":34,"column":0},"end":{"line":34,"column":22}}},"branchMap":{"1":{"line":5,"type":"cond-expr","locations":[{"start":{"line":5,"column":124},"end":{"line":5,"column":128}},{"start":{"line":5,"column":131},"end":{"line":5,"column":136}}]},"2":{"line":5,"type":"binary-expr","locations":[{"start":{"line":5,"column":9},"end":{"line":5,"column":30}},{"start":{"line":5,"column":34},"end":{"line":5,"column":53}},{"start":{"line":5,"column":57},"end":{"line":5,"column":71}},{"start":{"line":5,"column":75},"end":{"line":5,"column":87}},{"start":{"line":5,"column":91},"end":{"line":5,"column":120}}]},"3":{"line":9,"type":"cond-expr","locations":[{"start":{"line":9,"column":58},"end":{"line":9,"column":60}},{"start":{"line":9,"column":63},"end":{"line":9,"column":70}}]},"4":{"line":9,"type":"binary-expr","locations":[{"start":{"line":9,"column":15},"end":{"line":9,"column":23}},{"start":{"line":9,"column":27},"end":{"line":9,"column":55}}]},"5":{"line":10,"type":"cond-expr","locations":[{"start":{"line":10,"column":96},"end":{"line":10,"column":103}},{"start":{"line":10,"column":106},"end":{"line":10,"column":112}}]},"6":{"line":10,"type":"binary-expr","locations":[{"start":{"line":10,"column":21},"end":{"line":10,"column":47}},{"start":{"line":10,"column":51},"end":{"line":10,"column":63}},{"start":{"line":10,"column":67},"end":{"line":10,"column":78}},{"start":{"line":10,"column":82},"end":{"line":10,"column":92}}]},"7":{"line":13,"type":"if","locations":[{"start":{"line":13,"column":1},"end":{"line":13,"column":1}},{"start":{"line":13,"column":1},"end":{"line":13,"column":1}}]},"8":{"line":16,"type":"if","locations":[{"start":{"line":16,"column":8},"end":{"line":16,"column":8}},{"start":{"line":16,"column":8},"end":{"line":16,"column":8}}]},"9":{"line":17,"type":"cond-expr","locations":[{"start":{"line":17,"column":57},"end":{"line":17,"column":82}},{"start":{"line":17,"column":85},"end":{"line":17,"column":98}}]},"10":{"line":20,"type":"if","locations":[{"start":{"line":20,"column":8},"end":{"line":20,"column":8}},{"start":{"line":20,"column":8},"end":{"line":20,"column":8}}]},"11":{"line":23,"type":"if","locations":[{"start":{"line":23,"column":8},"end":{"line":23,"column":8}},{"start":{"line":23,"column":8},"end":{"line":23,"column":8}}]},"12":{"line":27,"type":"cond-expr","locations":[{"start":{"line":28,"column":5},"end":{"line":28,"column":24}},{"start":{"line":29,"column":5},"end":{"line":29,"column":25}}]},"13":{"line":27,"type":"binary-expr","locations":[{"start":{"line":27,"column":12},"end":{"line":27,"column":41}},{"start":{"line":27,"column":46},"end":{"line":27,"column":54}},{"start":{"line":27,"column":59},"end":{"line":27,"column":72}},{"start":{"line":27,"column":76},"end":{"line":27,"column":88}}]},"14":{"line":28,"type":"binary-expr","locations":[{"start":{"line":28,"column":5},"end":{"line":28,"column":18}},{"start":{"line":28,"column":22},"end":{"line":28,"column":24}}]},"15":{"line":29,"type":"binary-expr","locations":[{"start":{"line":29,"column":5},"end":{"line":29,"column":18}},{"start":{"line":29,"column":22},"end":{"line":29,"column":25}}]}},"code":["var url = require('url')","var Utils = new Object()","","Utils.isset = function isset(object){","\treturn (object != \"undefined\" && object != undefined && object != null && object != \"\" && typeof(object) != 'undefined') ? true : false ;","}","","Utils.getHost = function(inputLocation, options){","\tvar options = !options || typeof options == 'function' ? {} : options ;","\tvar protocolName = (typeof options == 'object' && options.cert || options.key || options.ca) ? 'https' : 'http' ;","","\t// define location","\tif(!isNaN(inputLocation)) {","\t\tvar location = url.parse(protocolName+'://0.0.0.0:'+inputLocation);","\t","\t} else if(typeof inputLocation == 'string') {","\t    var location = inputLocation.indexOf('://') == -1 ? 'http://' + inputLocation : inputLocation ;","\t\t\tlocation = url.parse(location) ","\t","\t} else if(typeof inputLocation == 'object') {","\t\tvar location = inputLocation;","\t\t","\t} else if(!Utils.isset(inputLocation)){","\t\tvar location = url.parse(protocolName+'://0.0.0.0:80/');","\t}
[...]
2,"column":11},"end":{"line":112,"column":11}}]},"28":{"line":112,"type":"binary-expr","locations":[{"start":{"line":112,"column":14},"end":{"line":112,"column":19}},{"start":{"line":112,"column":23},"end":{"line":112,"column":47}},{"start":{"line":112,"column":51},"end":{"line":112,"column":104}},{"start":{"line":112,"column":110},"end":{"line":112,"column":140}},{"start":{"line":112,"column":145},"end":{"line":112,"column":199}},{"start":{"line":112,"column":203},"end":{"line":112,"column":256}}]},"29":{"line":116,"type":"if","locations":[{"start":{"line":116,"column":15},"end":{"line":116,"column":15}},{"start":{"line":116,"column":15},"end":{"line":116,"column":15}}]},"30":{"line":118,"type":"if","locations":[{"start":{"line":118,"column":18},"end":{"line":118,"column":18}},{"start":{"line":118,"column":18},"end":{"line":118,"column":18}}]},"31":{"line":118,"type":"binary-expr","locations":[{"start":{"line":118,"column":23},"end":{"line":118,"column":29}},{"start":{"line":118,"column":33},"end":{"line":118,"column":41}},{"start":{"line":118,"column":47},"end":{"line":118,"column":52}},{"start":{"line":118,"column":56},"end":{"line":118,"column":76}},{"start":{"line":118,"column":80},"end":{"line":118,"column":88}}]},"32":{"line":124,"type":"if","locations":[{"start":{"line":124,"column":24},"end":{"line":124,"column":24}},{"start":{"line":124,"column":24},"end":{"line":124,"column":24}}]},"33":{"line":127,"type":"if","locations":[{"start":{"line":127,"column":7},"end":{"line":127,"column":7}},{"start":{"line":127,"column":7},"end":{"line":127,"column":7}}]},"34":{"line":130,"type":"binary-expr","locations":[{"start":{"line":130,"column":30},"end":{"line":130,"column":37}},{"start":{"line":130,"column":41},"end":{"line":130,"column":61}},{"start":{"line":130,"column":65},"end":{"line":130,"column":83}}]},"35":{"line":135,"type":"if","locations":[{"start":{"line":135,"column":7},"end":{"line":135,"column":7}},{"start":{"line":135,"column":7},"end":{"line":135,"column":7}}]},"36":{"line":138,"type":"if","locations":[{"start":{"line":138,"column":14},"end":{"line":138,"column":14}},{"start":{"line":138,"column":14},"end":{"line":138,"column":14}}]},"37":{"line":143,"type":"if","locations":[{"start":{"line":143,"column":7},"end":{"line":143,"column":7}},{"start":{"line":143,"column":7},"end":{"line":143,"column":7}}]},"38":{"line":146,"type":"if","locations":[{"start":{"line":146,"column":7},"end":{"line":146,"column":7}},{"start":{"line":146,"column":7},"end":{"line":146,"column":7}}]},"39":{"line":151,"type":"if","locations":[{"start":{"line":151,"column":7},"end":{"line":151,"column":7}},{"start":{"line":151,"column":7},"end":{"line":151,"column":7}}]},"40":{"line":153,"type":"if","locations":[{"start":{"line":153,"column":7},"end":{"line":153,"column":7}},{"start":{"line":153,"column":7},"end":{"line":153,"column":7}}]},"41":{"line":154,"type":"if","locations":[{"start":{"line":154,"column":7},"end":{"line":154,"column":7}},{"start":{"line":154,"column":7},"end":{"line":154,"column":7}}]},"42":{"line":158,"type":"if","locations":[{"start":{"line":158,"column":10},"end":{"line":158,"column":10}},{"start":{"line":158,"column":10},"end":{"line":158,"column":10}}]},"43":{"line":159,"type":"if","locations":[{"start":{"line":159,"column":10},"end":{"line":159,"column":10}},{"start":{"line":159,"column":10},"end":{"line":159,"column":10}}]},"44":{"line":168,"type":"if","locations":[{"start":{"line":168,"column":10},"end":{"line":168,"column":10}},{"start":{"line":168,"column":10},"end":{"line":168,"column":10}}]},"45":{"line":169,"type":"if","locations":[{"start":{"line":169,"column":10},"end":{"line":169,"column":10}},{"start":{"line":169,"column":10},"end":{"line":169,"column":10}}]},"46":{"line":173,"type":"if","locations":[{"start":{"line":173,"column":14},"end":{"line":173,"column":14}},{"start":{"line":173,"column":14},"end":{"line":173,"column":14}}]},"47":{"line":181,"type":"if","locations":[{"start":{"line":181,"column":5},"end":{"line":181,"column":5}},{"start":{"line":181,"column":5},"end":{"line":181,"column":5}}]},"48":{"line":192,"type":"if","locations":[{"start":{"line":192,"column":5},"end":{"line":192,"column":5}},{"start":{"line":192,"column":5},"end":{"line":192,"column":5}}]},"49":{"line":192,"type":"binary-expr","locations":[{"start":{"line":192,"column":8},"end":{"line":192,"column":12}},{"start":{"line":192,"column":16},"end":{"line":192,"column":47}},{"start":{"line":192,"column":51},"end":{"line":192,"column":87}}]},"50":{"line":194,"type":"binary-expr","locations":[{"start":{"line":194,"column":22},"end":{"line":194,"column":53}},{"start":{"line":194,"column":57},"end":{"line":194,"column":130}}]},"51":{"line":195,"type":"if","locations":[{"start":{"line":195,"column":6},"end":{"line":195,"column":6}},{"start":{"line":195,"column":6},"end":{"line":195,"column":6}}]},"52":{"line":199,"type":"if","locations":[{"start":{"line":199,"column":8},"end":{"line":199,"column":8}},{"start":{"line":199,"column":8},"end":{"line":199,"column":8}}]},"53":{"line":201,"type":"if","locations":[{"start":{"line":201,"column":15},"end":{"line":201,"column":15}},{"start":{"line":201,"column":15},"end":{"line":201,"column":15}}]}},"code":["// ===========================================================================","//  Diet.js","//  Signal Controller","// ===========================================================================","   \"use strict\"","   ","// ===========================================================================","//  Dependencies","// ===========================================================================","","    const qs = require('querystrings')","    const fs = require('fs')","    const url = require('url')","    const status_codes = require('http').STATUS_CODES;","    const utils = require('../../utils')","    const Path = require('path')","    const mime = require('mime');","","// ===========================================================================","//  Exports","// ===========================================================================","    module.exports = function(request, response, app, protocol, location, path, match_found, callback){","        // ---------------------------------------------------------------------","        //  signal","        // ---------------------------------------------------------------------","    \tlet signal = {","    \t\tapp: app,","    \t\turl: location,                                                  // pass parsed request url","    \t\tqs: qs,                                                         // pass query string parser","    \t\tquery: location.query ? qs.parse(location.query) : {} ,         // parse query string","    \t\tresponse: response,                                             // original response","    \t\trequest: request,                                               // original request","    \t\tmethod: request.method,                                         // GET or POST","    \t\tmultipart: false,                                               // is it a multipart request?","    \t\tparams: {}, data: {}, route: {}, fail: {}, errors: {},          // containers","    \t\theader : function(where, newValue){\t","    \t\t\tif(!newValue){                                                  // not a set operation","    \t\t\t\treturn response.getHeader(where) || request.headers[where]; // get header","    \t\t\t} else if(!response.headersSent){                               // if headers are not yet sent","    \t\t\t\treturn response.setHeader(where, newValue);                 // set header","    \t\t\t}","    \t\t},","    \t\tsetHeader: function(key, value){ return response.setHeader(key, value); },","    \t\tremoveHeader: function(key, value){ return response.removeHeader(key); },","    \t\tgetHeader: function(key){ return response.getHeader(key); },","    \t\tgetRequestHeader: function(key){ return request.headers[key] },","    \t\theaders: request.headers,\t","    \t\tsend: function(message) { response.write(message); },               // send data chunk to client","    \t\tsendFile: function(path, encoding){","\t\t\t    fs.stat(path, function(error, stat){","\t\t\t    \tif(error){","\t\t\t    \t\tthrow error;","\t\t\t    \t} else {","\t\t\t\t\t    response.writeHead(200, {","\t\t\t\t\t        'Content-Type': mime.lookup(path),","\t\t\t\t\t        'Content-Length': stat.size","\t\t\t\t\t    });","\t\t\t\t\t    var readStream = fs.createReadStream(path);","\t\t\t\t\t    readStream.pipe(response);","\t\t\t\t\t    signal.responded = true","\t\t\t\t\t    signal.end()","\t\t\t\t    }","\t\t\t    })","    \t\t},","    \t\tdownload: function(path, name, encoding){","    \t\t\tvar filename = name ? name : Path.basename(path)","    \t\t\tsignal.setHeader('Content-Disposition', 'attachment; filename=\"'+filename+'\"')","    \t\t\tsignal.sendFile(path, encoding)","    \t\t},","    \t\tredirect: function(input, statusCode, isLast){","    \t\t\tif(input.substring(0, 4) === 'back') { ","    \t\t\t\tvar path = request.headers.referer || '/';","    \t\t\t} else if(input.substring(0, 4) === 'home') { ","    \t\t\t\tvar path = '/'; ","    \t\t\t} else {","    \t\t\t\tvar path = input;","    \t\t\t}","    \t\t\t// Append Additional Routes","    \t\t\tif(input.split('back')[1]){ path += input.split('back')[1]; }","    \t\t\tif(input.split('home')[1]){ path += input.split('home')[1]; }","    \t\t\tlet URI = url.parse(path);","    \t\t\tif(URI.query){ // Reconstruct the Path","    \t\t\t\tvar QUERY = '?'+signal.qs.stringify(signal.qs.parse(URI.query));","    \t\t\t\tvar path = '';","    \t\t\t\tif(URI.protocol) \tpath += URI.protocol + '//';","    \t\t\t\tif(URI.hostname) \tpath += URI.hostname;","    \t\t\t\tif(URI.port) \t\tpath += ':' + URI.port;","    \t\t\t\tif(URI.pathname) \tpath += URI.pathname;","    \t\t\t\tif(QUERY) {","                        if (!path.indexOf(QUERY) > -1) path += QUERY;","                    }","    \t\t\t}","    \t\t\tsignal.status((!statusCode) ? 302 : statusCode)","    \t\t\tsignal.header('Location', path);","    \t\t\tresponse.end()","    \t\t\tsignal.responded = true","    \t\t\tif(!isLast) signal.nextRoute()","    \t\t},","    \t\tenv: process.env.NODE_ENV,","    \t\tsetFinalHeaders: function(data){","    \t\t    if(!response.headersSent){","    \t\t    \tif(!signal.header('content-type')) signal.header('content-type', 'text/plain')","    \t\t    \tif(data){","    \t\t    \t\tlet length = typeof data === 'string' ? Buffer.byteLength(data, 'utf8') : data.length ;","    \t\t    \t\tresponse.setHeader('content-length', length)","    \t\t    \t}","    \t\t    }","    \t\t},","    \t\tend: function(input, isLast){","    \t\t\tif(!signal.responded && !signal.stopped){","    \t\t\t    signal.responded = true","    \t\t\t    if(input && typeof input == 'object' || signal.header('x-requested-with') == 'XMLHttpRequest' || ( signal.header('authorization') && (signal.header('authorization').indexOf('Bearer') != -1 || signal.header('authorization').indexOf('Token') != -1 ))) { ","    \t\t\t        let data = signal.jsonString(input); // json","    \t\t\t        signal.setFinalHeaders(data); ","    \t\t\t        response.end(data)      ","    \t\t\t        if(!isLast) signal.nextRoute() // call next route                                                       ","    \t\t\t    ","    \t\t\t    } else if ((!input && app.html) || (input && !Path.extname(input) && app.html)) {","    \t\t\t        signal.html(input) // html                  ","    \t\t\t    ","    \t\t\t    } else {","                        signal.setFinalHeaders(input); ","                        response.end(input)  // default","                        if(!isLast) signal.nextRoute() // call next route","    \t\t\t    }","    \t\t\t}","    \t\t\tif(isLast) signal.stopped = true;","    \t\t},","    \t\tstatus : function(code, message){","    \t\t\tsignal.statusMessage = message || signal.statusMessage || status_codes[code];\t","    \t\t\tsignal.statusCode = response.statusCode = code;\t\t\t\t\t","    \t\t},","    \t\tpassed: true,","    \t\terror: function(field, error){","    \t\t\tif(error){","\t    \t\t\tsignal.passed = signal.data.passed = false","\t    \t\t\tsignal.errors[field] = error","    \t\t\t} else if (field) {","    \t\t\t\treturn signal.errors[field]","    \t\t\t}","    \t\t},","    \t\tsuccess: function(input, isLast){ // respond with JSON success","    \t\t\tif(!signal.statusCode) signal.status(200)","    \t\t\tsignal.header('content-type', 'application/json')","    \t\t\tvar data = signal.data","    \t\t\tif(utils.isset(input)) data = Object.merge(signal.data, input)","    \t\t\tdata.passed = true","    \t\t\tsignal.end(data, isLast)","    \t\t},","    \t\tfailure: function(input, isLast){ // respond with JSON errors","    \t\t\tif(!signal.statusCode) signal.status(200)","    \t\t\tsignal.header('content-type', 'application/json')","    \t\t\tif(signal.data.errors) signal.errors = Object.merge(signal.error, signal.data.errors)","    \t\t\tif(utils.isset(input)) data = Object.merge(signal.errors, input)","    \t\t\tsignal.end({ passed: false, errors: signal.errors }, isLast)","    \t\t},","    \t\tjsonString: function(input){","    \t\t    if(utils.isset(input)) signal.data = Object.merge(signal.data, input)","    \t\t    if(!signal.statusCode) signal.status(200)","    \t\t    signal.header('content-type', 'application/json')","    \t\t    return JSON.stringify(signal.data);","    \t\t},","    \t\tjson : function(input, isLast){ // respond with JSON data","    \t\t\tsignal.end(signal.jsonString(input), isLast)","    \t\t},","    \t\thtml: function(input, isLast){","    \t\t    signal.header('content-type', 'text/html; charset=UTF-8')","    \t\t    if(!signal.statusCode) signal.status(200)","    \t\t    if(signal.htmlModule) { ","    \t\t        signal.htmlModule(input) ","    \t\t    } else { ","    \t\t        response.end(input) ","    \t\t        if(!isLast) signal.nextRoute() // call next route","    \t\t    }","    \t\t}","    \t}","    \t","        // ---------------------------------------------------------------------","        //  signal.params","        // ---------------------------------------------------------------------","    \tif(match_found){\t","    \t\tlet path_keys_length = path[0].paramKeys.length;","    \t\tfor(let i = 0; i < path_keys_length; i++){","    \t\t\tlet param = path[0].paramKeys[i];","    \t\t\tsignal.params[param.name] = match_found[i+1];","    \t\t}","    \t}","    \t","    \t// ---------------------------------------------------------------------","        //  signal.body","        // ---------------------------------------------------------------------","    \tif(path && request.headers['content-type'] || request.headers['transfer-encoding']){","    \t\tsignal.body = ''","    \t\tlet multipart = request.headers['content-type'] && request.headers['content-type'].toString().indexOf('multipart/form-data');","    \t\tif(multipart === -1){","    \t\t\tsignal.multipart = false;","    \t\t\trequest.on('data', function(data){ signal.body += data; });","    \t\t\trequest.on('end', function(){ ","    \t\t\t\tif(request.headers['content-type'].toString().indexOf('application/x-www-form-urlencoded') != -1){","    \t\t\t\t\tsignal.body = signal.qs.parse(decodeURIComponent(signal.body));","    \t\t\t\t} else if(request.headers['content-type'] == \"application/json\") {","    \t\t\t\t\ttry {","    \t\t\t\t\t\tsignal.body = JSON.parse(signal.body); ","    \t\t\t\t\t} catch (error) { /*...*/ }","    \t\t\t\t}","    \t\t\t\tcallback(signal); ","    \t\t\t});","    \t\t} else {","    \t\t\tsignal.multipart = true;","    \t\t\tcallback(signal);","    \t\t}","    \t} else {","    \t\tcallback(signal);","    \t}","    }","    ",""],"l":{"11":1,"12":1,"13":1,"14":1,"15":1,"16":1,"17":1,"22":1,"26":0,"37":0,"38":0,"39":0,"40":0,"43":0,"44":0,"45":0,"46":0,"48":0,"50":0,"51":0,"52":0,"54":0,"58":0,"59":0,"60":0,"61":0,"66":0,"67":0,"68":0,"71":0,"72":0,"73":0,"74":0,"76":0,"79":0,"80":0,"81":0,"82":0,"83":0,"84":0,"85":0,"86":0,"87":0,"88":0,"89":0,"90":0,"93":0,"94":0,"95":0,"96":0,"97":0,"101":0,"102":0,"103":0,"104":0,"105":0,"110":0,"111":0,"112":0,"113":0,"114":0,"115":0,"116":0,"118":0,"119":0,"122":0,"123":0,"124":0,"127":0,"130":0,"131":0,"135":0,"136":0,"137":0,"138":0,"139":0,"143":0,"144":0,"145":0,"146":0,"147":0,"148":0,"151":0,"152":0,"153":0,"154":0,"155":0,"158":0,"159":0,"160":0,"161":0,"164":0,"167":0,"168":0,"169":0,"170":0,"172":0,"173":0,"181":0,"182":0,"183":0,"184":0,"185":0,"192":0,"193":0,"194":0,"195":0,"196":0,"197":0,"198":0,"199":0,"200":0,"201":0,"202":0,"203":0,"206":0,"209":0,"210":0,"213":0}},"/home/travis/build/npmtest/node-npmtest-diet/node_modules/diet/benchmarks/load_testing/diet.js":{"path":"/home/travis/build/npmtest/node-npmtest-diet/node_modules/diet/benchmarks/load_testing/diet.js","s":{"1":2,"2":2,"3":2,"4":0,"5":0},"b":{},"f":{"1":0},"fnMap":{"1":{"name":"(anonymous_1)","line":4,"loc":{"start":{"line":4,"column":13},"end":{"line":4,"column":24}}}},"statementMap":{"1":{"start":{"line":1,"column":0},"end":{"line":1,"column":28}},"2":{"start":{"line":2,"column":0},"end":{"line":2,"column":18}},"3":{"start":{"line":3,"column":0},"end":{"line":3,"column":16}},"4":{"start":{"line":4,"column":0},"end":{"line":6,"column":2}},"5":{"start":{"line":5,"column":1},"end":{"line":5,"column":23}}},"branchMap":{},"code":["var server = require('diet')","var app = server()","app.listen(7777)","app.get('/', function($){ ","\t$.end('Hello World\\n') ","})"],"l":{"1":2,"2":2,"3":2,"4":0,"5":0}},"/home/travis/build/npmtest/node-npmtest-diet/node_modules/diet/benchmarks/load_testing/express.js":{"path":"/home/travis/build/npmtest/node-npmtest-diet/node_modules/diet/benchmarks/load_testing/express.js","s":{"1":2,"2":0,"3":0,"4":0,"5":0,"6":0},"b":{},"f":{"1":0,"2":0},"fnMap":{"1":{"name":"(anonymous_1)","line":4,"loc":{"start":{"line":4,"column":13},"end":{"line":4,"column":33}}},"2":{"name":"(anonymous_2)","line":8,"loc":{"start":{"line":8,"column":17},"end":{"line":8,"column":29}}}},"statementMap":{"1":{"start":{"line":1,"column":0},"end":{"line":1,"column":33}},"2":{"start":{"line":2,"column":0},"end":{"line":2,"column":20}},"3":{"start":{"line":4,"column":0},"end":{"line":6,"column":3}},"4":{"start":{"line":5,"column":2},"end":{"line":5,"column":28}},"5":{"start":{"line":8,"column":0},"end":{"line":10,"column":3}},"6":{"start":{"line":9,"column":2},"end":{"line":9,"column":53}}},"branchMap":{},"code":["var express = require('express');","var app = express();","","app.get('/', function (req, res) {","  res.send('Hello World\\n');","});","","app.listen(7777, function () {","  console.log('Example app listening on port 7777!');","});"],"l":{"1":2,"2":0,"4":0,"5":0,"8":0,"9":0}},"/home/travis/build/npmtest/node-npmtest-diet/node_modules/diet/benchmarks/load_testing/node.js":{"path":"/home/travis/build/npmtest/node-npmtest-diet/node_modules/diet/benchmarks/load_testing/node.js","s":{"1":2,"2":2,"3":2,"4":2,"5":0,"6":0,"7":0},"b":{},"f":{},"fnMap":{},"statementMap":{"1":{"start":{"line":1,"column":0},"end":{"line":1,"column":29}},"2":{"start":{"line":3,"column":0},"end":{"line":3,"column":27}},"3":{"start":{"line":4,"column":0},"end":{"line":4,"column":18}},"4":{"start":{"line":6,"column":0},"end":{"line":11,"column":3}},"5":{"start":{"line":7,"column":2},"end":{"line":7,"column":55}},"6":{"start":{"line":8,"column":2},"end":{"line":8,"column":27}},"7":{"start":{"line":10,"column":2},"end":{"line":10,"column":63}}},"branchMap":{},"code":["const http = require('http');","","const hostname = '0.0.0.0';","const port = 7777;","","http.createServer((req, res) => {","  res.writeHead(200, { 'Content-Type': 'text/plain' });","  res.end('Hello World\\n');","}).listen(port, hostname, () => {","  console.log(`Server running at http://${hostname}:${port}/`);","});"],"l":{"1":2,"3":2,"4":2,"6":2,"7":0,"8":0,"10":0}}}